[2023-12-13 15:53:27 [32mINFO [0;39m restartedMain] [com.green.demo.DemoApplication] [36mStarting DemoApplication using Java 17.0.8.1 with PID 9912 (D:\2023\java\demo\target\classes started by Administrator in D:\2023\java\demo)[0;39m
[2023-12-13 15:53:27 [32mINFO [0;39m restartedMain] [com.green.demo.DemoApplication] [36mNo active profile set, falling back to 1 default profile: "default"[0;39m
[2023-12-13 15:53:27 [32mINFO [0;39m restartedMain] [org.springframework.boot.devtools.env.DevToolsPropertyDefaultsPostProcessor] [36mDevtools property defaults active! Set 'spring.devtools.add-properties' to 'false' to disable[0;39m
[2023-12-13 15:53:27 [32mINFO [0;39m restartedMain] [org.springframework.boot.devtools.env.DevToolsPropertyDefaultsPostProcessor] [36mFor additional web related logging consider setting the 'logging.level.web' property to 'DEBUG'[0;39m
[2023-12-13 15:53:28 [32mINFO [0;39m restartedMain] [org.springframework.boot.web.embedded.tomcat.TomcatWebServer] [36mTomcat initialized with port(s): 8080 (http)[0;39m
[2023-12-13 15:53:28 [32mINFO [0;39m restartedMain] [org.apache.coyote.http11.Http11NioProtocol] [36mInitializing ProtocolHandler ["http-nio-8080"][0;39m
[2023-12-13 15:53:28 [32mINFO [0;39m restartedMain] [org.apache.catalina.core.StandardService] [36mStarting service [Tomcat][0;39m
[2023-12-13 15:53:28 [32mINFO [0;39m restartedMain] [org.apache.catalina.core.StandardEngine] [36mStarting Servlet engine: [Apache Tomcat/10.1.15][0;39m
[2023-12-13 15:53:28 [32mINFO [0;39m restartedMain] [org.apache.catalina.core.ContainerBase.[Tomcat].[localhost].[/]] [36mInitializing Spring embedded WebApplicationContext[0;39m
[2023-12-13 15:53:28 [32mINFO [0;39m restartedMain] [org.springframework.boot.web.servlet.context.ServletWebServerApplicationContext] [36mRoot WebApplicationContext: initialization completed in 702 ms[0;39m
[2023-12-13 15:53:28 [32mINFO [0;39m restartedMain] [org.springframework.boot.devtools.autoconfigure.OptionalLiveReloadServer] [36mLiveReload server is running on port 35729[0;39m
[2023-12-13 15:53:28 [32mINFO [0;39m restartedMain] [org.apache.coyote.http11.Http11NioProtocol] [36mStarting ProtocolHandler ["http-nio-8080"][0;39m
[2023-12-13 15:53:28 [33mWARN [0;39m restartedMain] [org.springframework.boot.web.servlet.context.AnnotationConfigServletWebServerApplicationContext] [36mException encountered during context initialization - cancelling refresh attempt: org.springframework.context.ApplicationContextException: Failed to start bean 'webServerStartStop'[0;39m
[2023-12-13 15:53:28 [32mINFO [0;39m restartedMain] [org.apache.coyote.http11.Http11NioProtocol] [36mPausing ProtocolHandler ["http-nio-8080"][0;39m
[2023-12-13 15:53:28 [32mINFO [0;39m restartedMain] [org.apache.catalina.core.StandardService] [36mStopping service [Tomcat][0;39m
[2023-12-13 15:53:28 [32mINFO [0;39m restartedMain] [org.apache.coyote.http11.Http11NioProtocol] [36mStopping ProtocolHandler ["http-nio-8080"][0;39m
[2023-12-13 15:53:28 [32mINFO [0;39m restartedMain] [org.apache.coyote.http11.Http11NioProtocol] [36mDestroying ProtocolHandler ["http-nio-8080"][0;39m
[2023-12-13 15:53:28 [32mINFO [0;39m restartedMain] [org.springframework.boot.autoconfigure.logging.ConditionEvaluationReportLogger] [36m

Error starting ApplicationContext. To display the condition evaluation report re-run your application with 'debug' enabled.[0;39m
[2023-12-13 15:53:28 [31mERROR[0;39m restartedMain] [org.springframework.boot.diagnostics.LoggingFailureAnalysisReporter] [36m

***************************
APPLICATION FAILED TO START
***************************

Description:

Web server failed to start. Port 8080 was already in use.

Action:

Identify and stop the process that's listening on port 8080 or configure this application to listen on another port.
[0;39m
[2023-12-13 15:53:38 [32mINFO [0;39m restartedMain] [com.green.demo.DemoApplication] [36mStarting DemoApplication using Java 17.0.8.1 with PID 1828 (D:\2023\java\demo\target\classes started by Administrator in D:\2023\java\demo)[0;39m
[2023-12-13 15:53:38 [32mINFO [0;39m restartedMain] [com.green.demo.DemoApplication] [36mNo active profile set, falling back to 1 default profile: "default"[0;39m
[2023-12-13 15:53:39 [32mINFO [0;39m restartedMain] [org.springframework.boot.devtools.env.DevToolsPropertyDefaultsPostProcessor] [36mDevtools property defaults active! Set 'spring.devtools.add-properties' to 'false' to disable[0;39m
[2023-12-13 15:53:39 [32mINFO [0;39m restartedMain] [org.springframework.boot.devtools.env.DevToolsPropertyDefaultsPostProcessor] [36mFor additional web related logging consider setting the 'logging.level.web' property to 'DEBUG'[0;39m
[2023-12-13 15:53:39 [32mINFO [0;39m restartedMain] [org.springframework.boot.web.embedded.tomcat.TomcatWebServer] [36mTomcat initialized with port(s): 8080 (http)[0;39m
[2023-12-13 15:53:39 [32mINFO [0;39m restartedMain] [org.apache.coyote.http11.Http11NioProtocol] [36mInitializing ProtocolHandler ["http-nio-8080"][0;39m
[2023-12-13 15:53:39 [32mINFO [0;39m restartedMain] [org.apache.catalina.core.StandardService] [36mStarting service [Tomcat][0;39m
[2023-12-13 15:53:39 [32mINFO [0;39m restartedMain] [org.apache.catalina.core.StandardEngine] [36mStarting Servlet engine: [Apache Tomcat/10.1.15][0;39m
[2023-12-13 15:53:39 [32mINFO [0;39m restartedMain] [org.apache.catalina.core.ContainerBase.[Tomcat].[localhost].[/]] [36mInitializing Spring embedded WebApplicationContext[0;39m
[2023-12-13 15:53:39 [32mINFO [0;39m restartedMain] [org.springframework.boot.web.servlet.context.ServletWebServerApplicationContext] [36mRoot WebApplicationContext: initialization completed in 705 ms[0;39m
[2023-12-13 15:53:40 [32mINFO [0;39m restartedMain] [org.springframework.boot.devtools.autoconfigure.OptionalLiveReloadServer] [36mLiveReload server is running on port 35729[0;39m
[2023-12-13 15:53:40 [32mINFO [0;39m restartedMain] [org.apache.coyote.http11.Http11NioProtocol] [36mStarting ProtocolHandler ["http-nio-8080"][0;39m
[2023-12-13 15:53:40 [33mWARN [0;39m restartedMain] [org.springframework.boot.web.servlet.context.AnnotationConfigServletWebServerApplicationContext] [36mException encountered during context initialization - cancelling refresh attempt: org.springframework.context.ApplicationContextException: Failed to start bean 'webServerStartStop'[0;39m
[2023-12-13 15:53:40 [32mINFO [0;39m restartedMain] [org.apache.coyote.http11.Http11NioProtocol] [36mPausing ProtocolHandler ["http-nio-8080"][0;39m
[2023-12-13 15:53:40 [32mINFO [0;39m restartedMain] [org.apache.catalina.core.StandardService] [36mStopping service [Tomcat][0;39m
[2023-12-13 15:53:40 [32mINFO [0;39m restartedMain] [org.apache.coyote.http11.Http11NioProtocol] [36mStopping ProtocolHandler ["http-nio-8080"][0;39m
[2023-12-13 15:53:40 [32mINFO [0;39m restartedMain] [org.apache.coyote.http11.Http11NioProtocol] [36mDestroying ProtocolHandler ["http-nio-8080"][0;39m
[2023-12-13 15:53:40 [32mINFO [0;39m restartedMain] [org.springframework.boot.autoconfigure.logging.ConditionEvaluationReportLogger] [36m

Error starting ApplicationContext. To display the condition evaluation report re-run your application with 'debug' enabled.[0;39m
[2023-12-13 15:53:40 [31mERROR[0;39m restartedMain] [org.springframework.boot.diagnostics.LoggingFailureAnalysisReporter] [36m

***************************
APPLICATION FAILED TO START
***************************

Description:

Web server failed to start. Port 8080 was already in use.

Action:

Identify and stop the process that's listening on port 8080 or configure this application to listen on another port.
[0;39m
[2023-12-13 15:53:44 [32mINFO [0;39m restartedMain] [com.green.demo.DemoApplication] [36mStarting DemoApplication using Java 17.0.8.1 with PID 5812 (D:\2023\java\demo\target\classes started by Administrator in D:\2023\java\demo)[0;39m
[2023-12-13 15:53:44 [32mINFO [0;39m restartedMain] [com.green.demo.DemoApplication] [36mNo active profile set, falling back to 1 default profile: "default"[0;39m
[2023-12-13 15:53:44 [32mINFO [0;39m restartedMain] [org.springframework.boot.devtools.env.DevToolsPropertyDefaultsPostProcessor] [36mDevtools property defaults active! Set 'spring.devtools.add-properties' to 'false' to disable[0;39m
[2023-12-13 15:53:44 [32mINFO [0;39m restartedMain] [org.springframework.boot.devtools.env.DevToolsPropertyDefaultsPostProcessor] [36mFor additional web related logging consider setting the 'logging.level.web' property to 'DEBUG'[0;39m
[2023-12-13 15:53:45 [32mINFO [0;39m restartedMain] [org.springframework.boot.web.embedded.tomcat.TomcatWebServer] [36mTomcat initialized with port(s): 8080 (http)[0;39m
[2023-12-13 15:53:45 [32mINFO [0;39m restartedMain] [org.apache.coyote.http11.Http11NioProtocol] [36mInitializing ProtocolHandler ["http-nio-8080"][0;39m
[2023-12-13 15:53:45 [32mINFO [0;39m restartedMain] [org.apache.catalina.core.StandardService] [36mStarting service [Tomcat][0;39m
[2023-12-13 15:53:45 [32mINFO [0;39m restartedMain] [org.apache.catalina.core.StandardEngine] [36mStarting Servlet engine: [Apache Tomcat/10.1.15][0;39m
[2023-12-13 15:53:45 [32mINFO [0;39m restartedMain] [org.apache.catalina.core.ContainerBase.[Tomcat].[localhost].[/]] [36mInitializing Spring embedded WebApplicationContext[0;39m
[2023-12-13 15:53:45 [32mINFO [0;39m restartedMain] [org.springframework.boot.web.servlet.context.ServletWebServerApplicationContext] [36mRoot WebApplicationContext: initialization completed in 681 ms[0;39m
[2023-12-13 15:53:45 [32mINFO [0;39m restartedMain] [org.springframework.boot.devtools.autoconfigure.OptionalLiveReloadServer] [36mLiveReload server is running on port 35729[0;39m
[2023-12-13 15:53:45 [32mINFO [0;39m restartedMain] [org.apache.coyote.http11.Http11NioProtocol] [36mStarting ProtocolHandler ["http-nio-8080"][0;39m
[2023-12-13 15:53:45 [32mINFO [0;39m restartedMain] [org.springframework.boot.web.embedded.tomcat.TomcatWebServer] [36mTomcat started on port(s): 8080 (http) with context path ''[0;39m
[2023-12-13 15:53:45 [32mINFO [0;39m restartedMain] [com.green.demo.DemoApplication] [36mStarted DemoApplication in 1.472 seconds (process running for 1.844)[0;39m
[2023-12-13 15:53:55 [32mINFO [0;39m http-nio-8080-exec-1] [org.apache.catalina.core.ContainerBase.[Tomcat].[localhost].[/]] [36mInitializing Spring DispatcherServlet 'dispatcherServlet'[0;39m
[2023-12-13 15:53:55 [32mINFO [0;39m http-nio-8080-exec-1] [org.springframework.web.servlet.DispatcherServlet] [36mInitializing Servlet 'dispatcherServlet'[0;39m
[2023-12-13 15:53:55 [32mINFO [0;39m http-nio-8080-exec-1] [org.springframework.web.servlet.DispatcherServlet] [36mCompleted initialization in 1 ms[0;39m
[2023-12-13 15:53:55 [32mINFO [0;39m http-nio-8080-exec-8] [org.springdoc.api.AbstractOpenApiResource] [36mInit duration for springdoc-openapi is: 135 ms[0;39m
[2023-12-13 15:54:14 [33mWARN [0;39m http-nio-8080-exec-2] [org.springframework.web.servlet.mvc.support.DefaultHandlerExceptionResolver] [36mResolved [org.springframework.http.converter.HttpMessageNotReadableException: Required request body is missing: java.util.List<com.green.demo.movies.model.GetMediaAllVo> com.green.demo.movies.MovieControlle.getMediaAll(com.green.demo.movies.model.GetMediaAllDto)][0;39m
[2023-12-13 15:54:29 [33mWARN [0;39m http-nio-8080-exec-10] [org.springframework.web.servlet.mvc.support.DefaultHandlerExceptionResolver] [36mResolved [org.springframework.http.converter.HttpMessageNotReadableException: Required request body is missing: java.util.List<com.green.demo.movies.model.GetMediaAllVo> com.green.demo.movies.MovieControlle.getMediaAll(com.green.demo.movies.model.GetMediaAllDto)][0;39m
[2023-12-13 15:54:33 [33mWARN [0;39m http-nio-8080-exec-1] [org.springframework.web.servlet.mvc.support.DefaultHandlerExceptionResolver] [36mResolved [org.springframework.http.converter.HttpMessageNotReadableException: Required request body is missing: java.util.List<com.green.demo.movies.model.GetMediaAllVo> com.green.demo.movies.MovieControlle.getMediaAll(com.green.demo.movies.model.GetMediaAllDto)][0;39m
[2023-12-13 15:54:49 [33mWARN [0;39m http-nio-8080-exec-7] [org.springframework.web.servlet.mvc.support.DefaultHandlerExceptionResolver] [36mResolved [org.springframework.http.converter.HttpMessageNotReadableException: Required request body is missing: java.util.List<com.green.demo.movies.model.GetMediaAllVo> com.green.demo.movies.MovieControlle.getMediaAll(com.green.demo.movies.model.GetMediaAllDto)][0;39m
[2023-12-13 15:55:13 [32mINFO [0;39m http-nio-8080-exec-9] [com.zaxxer.hikari.HikariDataSource] [36mHikariPool-1 - Starting...[0;39m
[2023-12-13 15:55:13 [32mINFO [0;39m http-nio-8080-exec-9] [com.zaxxer.hikari.pool.HikariPool] [36mHikariPool-1 - Added connection org.mariadb.jdbc.Connection@5579dac1[0;39m
[2023-12-13 15:55:13 [32mINFO [0;39m http-nio-8080-exec-9] [com.zaxxer.hikari.HikariDataSource] [36mHikariPool-1 - Start completed.[0;39m
[2023-12-13 16:07:10 [32mINFO [0;39m File Watcher] [org.springframework.boot.devtools.autoconfigure.LocalDevToolsAutoConfiguration$RestartingClassPathChangeChangedEventListener] [36mRestarting due to 1 class path change (0 additions, 0 deletions, 1 modification)[0;39m
[2023-12-13 16:07:10 [32mINFO [0;39m Thread-5] [org.apache.coyote.http11.Http11NioProtocol] [36mPausing ProtocolHandler ["http-nio-8080"][0;39m
[2023-12-13 16:07:10 [32mINFO [0;39m Thread-5] [org.apache.catalina.core.StandardService] [36mStopping service [Tomcat][0;39m
[2023-12-13 16:07:10 [32mINFO [0;39m Thread-5] [org.apache.catalina.core.ContainerBase.[Tomcat].[localhost].[/]] [36mDestroying Spring FrameworkServlet 'dispatcherServlet'[0;39m
[2023-12-13 16:07:10 [33mWARN [0;39m Thread-5] [org.apache.catalina.loader.WebappClassLoaderBase] [36mThe web application [ROOT] appears to have started a thread named [HikariPool-1 housekeeper] but has failed to stop it. This is very likely to create a memory leak. Stack trace of thread:
 java.base@17.0.8.1/jdk.internal.misc.Unsafe.park(Native Method)
 java.base@17.0.8.1/java.util.concurrent.locks.LockSupport.parkNanos(LockSupport.java:252)
 java.base@17.0.8.1/java.util.concurrent.locks.AbstractQueuedSynchronizer$ConditionObject.awaitNanos(AbstractQueuedSynchronizer.java:1672)
 java.base@17.0.8.1/java.util.concurrent.ScheduledThreadPoolExecutor$DelayedWorkQueue.take(ScheduledThreadPoolExecutor.java:1182)
 java.base@17.0.8.1/java.util.concurrent.ScheduledThreadPoolExecutor$DelayedWorkQueue.take(ScheduledThreadPoolExecutor.java:899)
 java.base@17.0.8.1/java.util.concurrent.ThreadPoolExecutor.getTask(ThreadPoolExecutor.java:1062)
 java.base@17.0.8.1/java.util.concurrent.ThreadPoolExecutor.runWorker(ThreadPoolExecutor.java:1122)
 java.base@17.0.8.1/java.util.concurrent.ThreadPoolExecutor$Worker.run(ThreadPoolExecutor.java:635)
 java.base@17.0.8.1/java.lang.Thread.run(Thread.java:833)[0;39m
[2023-12-13 16:07:10 [32mINFO [0;39m Thread-5] [org.apache.coyote.http11.Http11NioProtocol] [36mStopping ProtocolHandler ["http-nio-8080"][0;39m
[2023-12-13 16:07:10 [32mINFO [0;39m Thread-5] [org.apache.coyote.http11.Http11NioProtocol] [36mDestroying ProtocolHandler ["http-nio-8080"][0;39m
[2023-12-13 16:07:10 [32mINFO [0;39m Thread-5] [com.zaxxer.hikari.HikariDataSource] [36mHikariPool-1 - Shutdown initiated...[0;39m
[2023-12-13 16:07:10 [32mINFO [0;39m Thread-5] [com.zaxxer.hikari.HikariDataSource] [36mHikariPool-1 - Shutdown completed.[0;39m
[2023-12-13 16:07:10 [32mINFO [0;39m restartedMain] [com.green.demo.DemoApplication] [36mStarting DemoApplication using Java 17.0.8.1 with PID 5812 (D:\2023\java\demo\target\classes started by Administrator in D:\2023\java\demo)[0;39m
[2023-12-13 16:07:10 [32mINFO [0;39m restartedMain] [com.green.demo.DemoApplication] [36mNo active profile set, falling back to 1 default profile: "default"[0;39m
[2023-12-13 16:07:10 [32mINFO [0;39m restartedMain] [org.springframework.boot.web.embedded.tomcat.TomcatWebServer] [36mTomcat initialized with port(s): 8080 (http)[0;39m
[2023-12-13 16:07:10 [32mINFO [0;39m restartedMain] [org.apache.coyote.http11.Http11NioProtocol] [36mInitializing ProtocolHandler ["http-nio-8080"][0;39m
[2023-12-13 16:07:10 [32mINFO [0;39m restartedMain] [org.apache.catalina.core.StandardService] [36mStarting service [Tomcat][0;39m
[2023-12-13 16:07:10 [32mINFO [0;39m restartedMain] [org.apache.catalina.core.StandardEngine] [36mStarting Servlet engine: [Apache Tomcat/10.1.15][0;39m
[2023-12-13 16:07:10 [32mINFO [0;39m restartedMain] [org.apache.catalina.core.ContainerBase.[Tomcat].[localhost].[/]] [36mInitializing Spring embedded WebApplicationContext[0;39m
[2023-12-13 16:07:10 [32mINFO [0;39m restartedMain] [org.springframework.boot.web.servlet.context.ServletWebServerApplicationContext] [36mRoot WebApplicationContext: initialization completed in 148 ms[0;39m
[2023-12-13 16:07:10 [32mINFO [0;39m restartedMain] [org.springframework.boot.devtools.autoconfigure.OptionalLiveReloadServer] [36mLiveReload server is running on port 35729[0;39m
[2023-12-13 16:07:10 [32mINFO [0;39m restartedMain] [org.apache.coyote.http11.Http11NioProtocol] [36mStarting ProtocolHandler ["http-nio-8080"][0;39m
[2023-12-13 16:07:10 [32mINFO [0;39m restartedMain] [org.springframework.boot.web.embedded.tomcat.TomcatWebServer] [36mTomcat started on port(s): 8080 (http) with context path ''[0;39m
[2023-12-13 16:07:10 [32mINFO [0;39m restartedMain] [com.green.demo.DemoApplication] [36mStarted DemoApplication in 0.271 seconds (process running for 806.321)[0;39m
[2023-12-13 16:07:10 [32mINFO [0;39m restartedMain] [org.springframework.boot.devtools.autoconfigure.ConditionEvaluationDeltaLoggingListener] [36mCondition evaluation unchanged[0;39m
[2023-12-13 16:16:35 [32mINFO [0;39m File Watcher] [org.springframework.boot.devtools.autoconfigure.LocalDevToolsAutoConfiguration$RestartingClassPathChangeChangedEventListener] [36mRestarting due to 1 class path change (0 additions, 0 deletions, 1 modification)[0;39m
[2023-12-13 16:16:35 [32mINFO [0;39m Thread-7] [org.apache.coyote.http11.Http11NioProtocol] [36mPausing ProtocolHandler ["http-nio-8080"][0;39m
[2023-12-13 16:16:35 [32mINFO [0;39m Thread-7] [org.apache.catalina.core.StandardService] [36mStopping service [Tomcat][0;39m
[2023-12-13 16:16:35 [32mINFO [0;39m Thread-7] [org.apache.coyote.http11.Http11NioProtocol] [36mStopping ProtocolHandler ["http-nio-8080"][0;39m
[2023-12-13 16:16:35 [32mINFO [0;39m Thread-7] [org.apache.coyote.http11.Http11NioProtocol] [36mDestroying ProtocolHandler ["http-nio-8080"][0;39m
[2023-12-13 16:16:35 [32mINFO [0;39m restartedMain] [com.green.demo.DemoApplication] [36mStarting DemoApplication using Java 17.0.8.1 with PID 5812 (D:\2023\java\demo\target\classes started by Administrator in D:\2023\java\demo)[0;39m
[2023-12-13 16:16:35 [32mINFO [0;39m restartedMain] [com.green.demo.DemoApplication] [36mNo active profile set, falling back to 1 default profile: "default"[0;39m
[2023-12-13 16:16:35 [32mINFO [0;39m restartedMain] [org.springframework.boot.web.embedded.tomcat.TomcatWebServer] [36mTomcat initialized with port(s): 8080 (http)[0;39m
[2023-12-13 16:16:35 [32mINFO [0;39m restartedMain] [org.apache.coyote.http11.Http11NioProtocol] [36mInitializing ProtocolHandler ["http-nio-8080"][0;39m
[2023-12-13 16:16:35 [32mINFO [0;39m restartedMain] [org.apache.catalina.core.StandardService] [36mStarting service [Tomcat][0;39m
[2023-12-13 16:16:35 [32mINFO [0;39m restartedMain] [org.apache.catalina.core.StandardEngine] [36mStarting Servlet engine: [Apache Tomcat/10.1.15][0;39m
[2023-12-13 16:16:35 [32mINFO [0;39m restartedMain] [org.apache.catalina.core.ContainerBase.[Tomcat].[localhost].[/]] [36mInitializing Spring embedded WebApplicationContext[0;39m
[2023-12-13 16:16:35 [32mINFO [0;39m restartedMain] [org.springframework.boot.web.servlet.context.ServletWebServerApplicationContext] [36mRoot WebApplicationContext: initialization completed in 143 ms[0;39m
[2023-12-13 16:16:35 [32mINFO [0;39m restartedMain] [org.springframework.boot.devtools.autoconfigure.OptionalLiveReloadServer] [36mLiveReload server is running on port 35729[0;39m
[2023-12-13 16:16:35 [32mINFO [0;39m restartedMain] [org.apache.coyote.http11.Http11NioProtocol] [36mStarting ProtocolHandler ["http-nio-8080"][0;39m
[2023-12-13 16:16:35 [32mINFO [0;39m restartedMain] [org.springframework.boot.web.embedded.tomcat.TomcatWebServer] [36mTomcat started on port(s): 8080 (http) with context path ''[0;39m
[2023-12-13 16:16:35 [32mINFO [0;39m restartedMain] [com.green.demo.DemoApplication] [36mStarted DemoApplication in 0.259 seconds (process running for 1371.838)[0;39m
[2023-12-13 16:16:35 [32mINFO [0;39m restartedMain] [org.springframework.boot.devtools.autoconfigure.ConditionEvaluationDeltaLoggingListener] [36mCondition evaluation unchanged[0;39m
