[2023-12-18 15:33:29 [32mINFO [0;39m restartedMain] [com.green.demo.DemoApplication] [36mStarting DemoApplication using Java 17.0.8.1 with PID 3240 (D:\2023\java\demo\target\classes started by Administrator in D:\2023\java\demo)[0;39m
[2023-12-18 15:33:29 [32mINFO [0;39m restartedMain] [com.green.demo.DemoApplication] [36mNo active profile set, falling back to 1 default profile: "default"[0;39m
[2023-12-18 15:33:29 [32mINFO [0;39m restartedMain] [org.springframework.boot.devtools.env.DevToolsPropertyDefaultsPostProcessor] [36mDevtools property defaults active! Set 'spring.devtools.add-properties' to 'false' to disable[0;39m
[2023-12-18 15:33:29 [32mINFO [0;39m restartedMain] [org.springframework.boot.devtools.env.DevToolsPropertyDefaultsPostProcessor] [36mFor additional web related logging consider setting the 'logging.level.web' property to 'DEBUG'[0;39m
[2023-12-18 15:33:29 [32mINFO [0;39m restartedMain] [org.springframework.boot.web.embedded.tomcat.TomcatWebServer] [36mTomcat initialized with port(s): 8080 (http)[0;39m
[2023-12-18 15:33:29 [32mINFO [0;39m restartedMain] [org.apache.coyote.http11.Http11NioProtocol] [36mInitializing ProtocolHandler ["http-nio-8080"][0;39m
[2023-12-18 15:33:29 [32mINFO [0;39m restartedMain] [org.apache.catalina.core.StandardService] [36mStarting service [Tomcat][0;39m
[2023-12-18 15:33:29 [32mINFO [0;39m restartedMain] [org.apache.catalina.core.StandardEngine] [36mStarting Servlet engine: [Apache Tomcat/10.1.15][0;39m
[2023-12-18 15:33:29 [32mINFO [0;39m restartedMain] [org.apache.catalina.core.ContainerBase.[Tomcat].[localhost].[/]] [36mInitializing Spring embedded WebApplicationContext[0;39m
[2023-12-18 15:33:29 [32mINFO [0;39m restartedMain] [org.springframework.boot.web.servlet.context.ServletWebServerApplicationContext] [36mRoot WebApplicationContext: initialization completed in 796 ms[0;39m
[2023-12-18 15:33:30 [32mINFO [0;39m restartedMain] [org.springframework.boot.devtools.autoconfigure.OptionalLiveReloadServer] [36mLiveReload server is running on port 35729[0;39m
[2023-12-18 15:33:30 [32mINFO [0;39m restartedMain] [org.apache.coyote.http11.Http11NioProtocol] [36mStarting ProtocolHandler ["http-nio-8080"][0;39m
[2023-12-18 15:33:30 [32mINFO [0;39m restartedMain] [org.springframework.boot.web.embedded.tomcat.TomcatWebServer] [36mTomcat started on port(s): 8080 (http) with context path ''[0;39m
[2023-12-18 15:33:30 [32mINFO [0;39m restartedMain] [com.green.demo.DemoApplication] [36mStarted DemoApplication in 1.647 seconds (process running for 2.07)[0;39m
[2023-12-18 15:33:37 [32mINFO [0;39m http-nio-8080-exec-7] [org.apache.catalina.core.ContainerBase.[Tomcat].[localhost].[/]] [36mInitializing Spring DispatcherServlet 'dispatcherServlet'[0;39m
[2023-12-18 15:33:37 [32mINFO [0;39m http-nio-8080-exec-7] [org.springframework.web.servlet.DispatcherServlet] [36mInitializing Servlet 'dispatcherServlet'[0;39m
[2023-12-18 15:33:37 [32mINFO [0;39m http-nio-8080-exec-7] [org.springframework.web.servlet.DispatcherServlet] [36mCompleted initialization in 0 ms[0;39m
[2023-12-18 15:33:37 [32mINFO [0;39m http-nio-8080-exec-3] [org.springdoc.api.AbstractOpenApiResource] [36mInit duration for springdoc-openapi is: 152 ms[0;39m
[2023-12-18 15:34:58 [32mINFO [0;39m File Watcher] [org.springframework.boot.devtools.autoconfigure.LocalDevToolsAutoConfiguration$RestartingClassPathChangeChangedEventListener] [36mRestarting due to 1 class path change (0 additions, 0 deletions, 1 modification)[0;39m
[2023-12-18 15:34:58 [32mINFO [0;39m Thread-5] [org.apache.coyote.http11.Http11NioProtocol] [36mPausing ProtocolHandler ["http-nio-8080"][0;39m
[2023-12-18 15:34:58 [32mINFO [0;39m Thread-5] [org.apache.catalina.core.StandardService] [36mStopping service [Tomcat][0;39m
[2023-12-18 15:34:58 [32mINFO [0;39m Thread-5] [org.apache.catalina.core.ContainerBase.[Tomcat].[localhost].[/]] [36mDestroying Spring FrameworkServlet 'dispatcherServlet'[0;39m
[2023-12-18 15:34:58 [32mINFO [0;39m Thread-5] [org.apache.coyote.http11.Http11NioProtocol] [36mStopping ProtocolHandler ["http-nio-8080"][0;39m
[2023-12-18 15:34:58 [32mINFO [0;39m Thread-5] [org.apache.coyote.http11.Http11NioProtocol] [36mDestroying ProtocolHandler ["http-nio-8080"][0;39m
[2023-12-18 15:34:58 [32mINFO [0;39m restartedMain] [com.green.demo.DemoApplication] [36mStarting DemoApplication using Java 17.0.8.1 with PID 3240 (D:\2023\java\demo\target\classes started by Administrator in D:\2023\java\demo)[0;39m
[2023-12-18 15:34:58 [32mINFO [0;39m restartedMain] [com.green.demo.DemoApplication] [36mNo active profile set, falling back to 1 default profile: "default"[0;39m
[2023-12-18 15:34:58 [32mINFO [0;39m restartedMain] [org.springframework.boot.web.embedded.tomcat.TomcatWebServer] [36mTomcat initialized with port(s): 8080 (http)[0;39m
[2023-12-18 15:34:58 [32mINFO [0;39m restartedMain] [org.apache.coyote.http11.Http11NioProtocol] [36mInitializing ProtocolHandler ["http-nio-8080"][0;39m
[2023-12-18 15:34:58 [32mINFO [0;39m restartedMain] [org.apache.catalina.core.StandardService] [36mStarting service [Tomcat][0;39m
[2023-12-18 15:34:58 [32mINFO [0;39m restartedMain] [org.apache.catalina.core.StandardEngine] [36mStarting Servlet engine: [Apache Tomcat/10.1.15][0;39m
[2023-12-18 15:34:58 [32mINFO [0;39m restartedMain] [org.apache.catalina.core.ContainerBase.[Tomcat].[localhost].[/]] [36mInitializing Spring embedded WebApplicationContext[0;39m
[2023-12-18 15:34:58 [32mINFO [0;39m restartedMain] [org.springframework.boot.web.servlet.context.ServletWebServerApplicationContext] [36mRoot WebApplicationContext: initialization completed in 151 ms[0;39m
[2023-12-18 15:34:58 [32mINFO [0;39m restartedMain] [org.springframework.boot.devtools.autoconfigure.OptionalLiveReloadServer] [36mLiveReload server is running on port 35729[0;39m
[2023-12-18 15:34:58 [32mINFO [0;39m restartedMain] [org.apache.coyote.http11.Http11NioProtocol] [36mStarting ProtocolHandler ["http-nio-8080"][0;39m
[2023-12-18 15:34:58 [32mINFO [0;39m restartedMain] [org.springframework.boot.web.embedded.tomcat.TomcatWebServer] [36mTomcat started on port(s): 8080 (http) with context path ''[0;39m
[2023-12-18 15:34:58 [32mINFO [0;39m restartedMain] [com.green.demo.DemoApplication] [36mStarted DemoApplication in 0.271 seconds (process running for 90.302)[0;39m
[2023-12-18 15:34:58 [32mINFO [0;39m restartedMain] [org.springframework.boot.devtools.autoconfigure.ConditionEvaluationDeltaLoggingListener] [36mCondition evaluation unchanged[0;39m
[2023-12-18 15:35:54 [32mINFO [0;39m http-nio-8080-exec-1] [org.apache.catalina.core.ContainerBase.[Tomcat].[localhost].[/]] [36mInitializing Spring DispatcherServlet 'dispatcherServlet'[0;39m
[2023-12-18 15:35:54 [32mINFO [0;39m http-nio-8080-exec-1] [org.springframework.web.servlet.DispatcherServlet] [36mInitializing Servlet 'dispatcherServlet'[0;39m
[2023-12-18 15:35:54 [32mINFO [0;39m http-nio-8080-exec-1] [org.springframework.web.servlet.DispatcherServlet] [36mCompleted initialization in 0 ms[0;39m
[2023-12-18 15:35:54 [32mINFO [0;39m http-nio-8080-exec-1] [com.zaxxer.hikari.HikariDataSource] [36mHikariPool-1 - Starting...[0;39m
[2023-12-18 15:35:54 [32mINFO [0;39m http-nio-8080-exec-1] [com.zaxxer.hikari.pool.HikariPool] [36mHikariPool-1 - Added connection org.mariadb.jdbc.Connection@585dd1f[0;39m
[2023-12-18 15:35:54 [32mINFO [0;39m http-nio-8080-exec-1] [com.zaxxer.hikari.HikariDataSource] [36mHikariPool-1 - Start completed.[0;39m
[2023-12-18 15:35:54 [33mWARN [0;39m http-nio-8080-exec-1] [org.mariadb.jdbc.message.server.ErrorPacket] [36mError: 1452-23000: Cannot add or update a child row: a foreign key constraint fails (`movieflow`.`t_media`, CONSTRAINT `t_media_ibfk_1` FOREIGN KEY (`genrepk`) REFERENCES `t_genre` (`genrepk`))[0;39m
[2023-12-18 15:35:54 [31mERROR[0;39m http-nio-8080-exec-1] [org.apache.catalina.core.ContainerBase.[Tomcat].[localhost].[/].[dispatcherServlet]] [36mServlet.service() for servlet [dispatcherServlet] in context with path [] threw exception [Request processing failed: org.springframework.dao.DataIntegrityViolationException: 
### Error updating database.  Cause: java.sql.SQLIntegrityConstraintViolationException: (conn=284) Cannot add or update a child row: a foreign key constraint fails (`movieflow`.`t_media`, CONSTRAINT `t_media_ibfk_1` FOREIGN KEY (`genrepk`) REFERENCES `t_genre` (`genrepk`))
### The error may exist in file [D:\2023\java\demo\target\classes\mapper\MovieMapper.xml]
### The error may involve defaultParameterMap
### The error occurred while setting parameters
### SQL: UPDATE t_media         SET                       title = ?                                 , date = ?                                 , genrepk = ?                                           , comment = null             , star = null                             where iuser = ?         and imedia = ?         and del = 0
### Cause: java.sql.SQLIntegrityConstraintViolationException: (conn=284) Cannot add or update a child row: a foreign key constraint fails (`movieflow`.`t_media`, CONSTRAINT `t_media_ibfk_1` FOREIGN KEY (`genrepk`) REFERENCES `t_genre` (`genrepk`))
; (conn=284) Cannot add or update a child row: a foreign key constraint fails (`movieflow`.`t_media`, CONSTRAINT `t_media_ibfk_1` FOREIGN KEY (`genrepk`) REFERENCES `t_genre` (`genrepk`))] with root cause[0;39m
java.sql.SQLIntegrityConstraintViolationException: (conn=284) Cannot add or update a child row: a foreign key constraint fails (`movieflow`.`t_media`, CONSTRAINT `t_media_ibfk_1` FOREIGN KEY (`genrepk`) REFERENCES `t_genre` (`genrepk`))
	at org.mariadb.jdbc.export.ExceptionFactory.createException(ExceptionFactory.java:290)
	at org.mariadb.jdbc.export.ExceptionFactory.create(ExceptionFactory.java:370)
	at org.mariadb.jdbc.message.ClientMessage.readPacket(ClientMessage.java:134)
	at org.mariadb.jdbc.client.impl.StandardClient.readPacket(StandardClient.java:872)
	at org.mariadb.jdbc.client.impl.StandardClient.readResults(StandardClient.java:811)
	at org.mariadb.jdbc.client.impl.StandardClient.readResponse(StandardClient.java:730)
	at org.mariadb.jdbc.client.impl.StandardClient.execute(StandardClient.java:654)
	at org.mariadb.jdbc.ClientPreparedStatement.executeInternal(ClientPreparedStatement.java:95)
	at org.mariadb.jdbc.ClientPreparedStatement.execute(ClientPreparedStatement.java:268)
	at com.zaxxer.hikari.pool.ProxyPreparedStatement.execute(ProxyPreparedStatement.java:44)
	at com.zaxxer.hikari.pool.HikariProxyPreparedStatement.execute(HikariProxyPreparedStatement.java)
	at org.apache.ibatis.executor.statement.PreparedStatementHandler.update(PreparedStatementHandler.java:48)
	at org.apache.ibatis.executor.statement.RoutingStatementHandler.update(RoutingStatementHandler.java:75)
	at org.apache.ibatis.executor.SimpleExecutor.doUpdate(SimpleExecutor.java:50)
	at org.apache.ibatis.executor.BaseExecutor.update(BaseExecutor.java:117)
	at org.apache.ibatis.executor.CachingExecutor.update(CachingExecutor.java:76)
	at org.apache.ibatis.session.defaults.DefaultSqlSession.update(DefaultSqlSession.java:197)
	at java.base/jdk.internal.reflect.NativeMethodAccessorImpl.invoke0(Native Method)
	at java.base/jdk.internal.reflect.NativeMethodAccessorImpl.invoke(NativeMethodAccessorImpl.java:77)
	at java.base/jdk.internal.reflect.DelegatingMethodAccessorImpl.invoke(DelegatingMethodAccessorImpl.java:43)
	at java.base/java.lang.reflect.Method.invoke(Method.java:568)
	at org.mybatis.spring.SqlSessionTemplate$SqlSessionInterceptor.invoke(SqlSessionTemplate.java:425)
	at jdk.proxy2/jdk.proxy2.$Proxy71.update(Unknown Source)
	at org.mybatis.spring.SqlSessionTemplate.update(SqlSessionTemplate.java:288)
	at org.apache.ibatis.binding.MapperMethod.execute(MapperMethod.java:67)
	at org.apache.ibatis.binding.MapperProxy$PlainMethodInvoker.invoke(MapperProxy.java:142)
	at org.apache.ibatis.binding.MapperProxy.invoke(MapperProxy.java:86)
	at jdk.proxy4/jdk.proxy4.$Proxy93.upMedia(Unknown Source)
	at com.green.demo.movies.MovieService.putMedia(MovieService.java:22)
	at com.green.demo.movies.MovieControlle.putMedia(MovieControlle.java:24)
	at java.base/jdk.internal.reflect.NativeMethodAccessorImpl.invoke0(Native Method)
	at java.base/jdk.internal.reflect.NativeMethodAccessorImpl.invoke(NativeMethodAccessorImpl.java:77)
	at java.base/jdk.internal.reflect.DelegatingMethodAccessorImpl.invoke(DelegatingMethodAccessorImpl.java:43)
	at java.base/java.lang.reflect.Method.invoke(Method.java:568)
	at org.springframework.web.method.support.InvocableHandlerMethod.doInvoke(InvocableHandlerMethod.java:205)
	at org.springframework.web.method.support.InvocableHandlerMethod.invokeForRequest(InvocableHandlerMethod.java:150)
	at org.springframework.web.servlet.mvc.method.annotation.ServletInvocableHandlerMethod.invokeAndHandle(ServletInvocableHandlerMethod.java:118)
	at org.springframework.web.servlet.mvc.method.annotation.RequestMappingHandlerAdapter.invokeHandlerMethod(RequestMappingHandlerAdapter.java:884)
	at org.springframework.web.servlet.mvc.method.annotation.RequestMappingHandlerAdapter.handleInternal(RequestMappingHandlerAdapter.java:797)
	at org.springframework.web.servlet.mvc.method.AbstractHandlerMethodAdapter.handle(AbstractHandlerMethodAdapter.java:87)
	at org.springframework.web.servlet.DispatcherServlet.doDispatch(DispatcherServlet.java:1081)
	at org.springframework.web.servlet.DispatcherServlet.doService(DispatcherServlet.java:974)
	at org.springframework.web.servlet.FrameworkServlet.processRequest(FrameworkServlet.java:1011)
	at org.springframework.web.servlet.FrameworkServlet.doPut(FrameworkServlet.java:925)
	at jakarta.servlet.http.HttpServlet.service(HttpServlet.java:593)
	at org.springframework.web.servlet.FrameworkServlet.service(FrameworkServlet.java:885)
	at jakarta.servlet.http.HttpServlet.service(HttpServlet.java:658)
	at org.apache.catalina.core.ApplicationFilterChain.internalDoFilter(ApplicationFilterChain.java:205)
	at org.apache.catalina.core.ApplicationFilterChain.doFilter(ApplicationFilterChain.java:149)
	at org.apache.tomcat.websocket.server.WsFilter.doFilter(WsFilter.java:51)
	at org.apache.catalina.core.ApplicationFilterChain.internalDoFilter(ApplicationFilterChain.java:174)
	at org.apache.catalina.core.ApplicationFilterChain.doFilter(ApplicationFilterChain.java:149)
	at org.springframework.web.filter.RequestContextFilter.doFilterInternal(RequestContextFilter.java:100)
	at org.springframework.web.filter.OncePerRequestFilter.doFilter(OncePerRequestFilter.java:116)
	at org.apache.catalina.core.ApplicationFilterChain.internalDoFilter(ApplicationFilterChain.java:174)
	at org.apache.catalina.core.ApplicationFilterChain.doFilter(ApplicationFilterChain.java:149)
	at org.springframework.web.filter.FormContentFilter.doFilterInternal(FormContentFilter.java:93)
	at org.springframework.web.filter.OncePerRequestFilter.doFilter(OncePerRequestFilter.java:116)
	at org.apache.catalina.core.ApplicationFilterChain.internalDoFilter(ApplicationFilterChain.java:174)
	at org.apache.catalina.core.ApplicationFilterChain.doFilter(ApplicationFilterChain.java:149)
	at org.springframework.web.filter.CharacterEncodingFilter.doFilterInternal(CharacterEncodingFilter.java:201)
	at org.springframework.web.filter.OncePerRequestFilter.doFilter(OncePerRequestFilter.java:116)
	at org.apache.catalina.core.ApplicationFilterChain.internalDoFilter(ApplicationFilterChain.java:174)
	at org.apache.catalina.core.ApplicationFilterChain.doFilter(ApplicationFilterChain.java:149)
	at org.apache.catalina.core.StandardWrapperValve.invoke(StandardWrapperValve.java:167)
	at org.apache.catalina.core.StandardContextValve.invoke(StandardContextValve.java:90)
	at org.apache.catalina.authenticator.AuthenticatorBase.invoke(AuthenticatorBase.java:482)
	at org.apache.catalina.core.StandardHostValve.invoke(StandardHostValve.java:115)
	at org.apache.catalina.valves.ErrorReportValve.invoke(ErrorReportValve.java:93)
	at org.apache.catalina.core.StandardEngineValve.invoke(StandardEngineValve.java:74)
	at org.apache.catalina.connector.CoyoteAdapter.service(CoyoteAdapter.java:340)
	at org.apache.coyote.http11.Http11Processor.service(Http11Processor.java:391)
	at org.apache.coyote.AbstractProcessorLight.process(AbstractProcessorLight.java:63)
	at org.apache.coyote.AbstractProtocol$ConnectionHandler.process(AbstractProtocol.java:896)
	at org.apache.tomcat.util.net.NioEndpoint$SocketProcessor.doRun(NioEndpoint.java:1744)
	at org.apache.tomcat.util.net.SocketProcessorBase.run(SocketProcessorBase.java:52)
	at org.apache.tomcat.util.threads.ThreadPoolExecutor.runWorker(ThreadPoolExecutor.java:1191)
	at org.apache.tomcat.util.threads.ThreadPoolExecutor$Worker.run(ThreadPoolExecutor.java:659)
	at org.apache.tomcat.util.threads.TaskThread$WrappingRunnable.run(TaskThread.java:61)
	at java.base/java.lang.Thread.run(Thread.java:833)
[2023-12-18 15:47:37 [32mINFO [0;39m File Watcher] [org.springframework.boot.devtools.autoconfigure.LocalDevToolsAutoConfiguration$RestartingClassPathChangeChangedEventListener] [36mRestarting due to 1 class path change (0 additions, 1 deletion, 0 modifications)[0;39m
[2023-12-18 15:47:37 [32mINFO [0;39m Thread-7] [org.apache.coyote.http11.Http11NioProtocol] [36mPausing ProtocolHandler ["http-nio-8080"][0;39m
[2023-12-18 15:47:37 [32mINFO [0;39m Thread-7] [org.apache.catalina.core.StandardService] [36mStopping service [Tomcat][0;39m
[2023-12-18 15:47:37 [32mINFO [0;39m Thread-7] [org.apache.catalina.core.ContainerBase.[Tomcat].[localhost].[/]] [36mDestroying Spring FrameworkServlet 'dispatcherServlet'[0;39m
[2023-12-18 15:47:37 [33mWARN [0;39m Thread-7] [org.apache.catalina.loader.WebappClassLoaderBase] [36mThe web application [ROOT] appears to have started a thread named [HikariPool-1 housekeeper] but has failed to stop it. This is very likely to create a memory leak. Stack trace of thread:
 java.base@17.0.8.1/jdk.internal.misc.Unsafe.park(Native Method)
 java.base@17.0.8.1/java.util.concurrent.locks.LockSupport.parkNanos(LockSupport.java:252)
 java.base@17.0.8.1/java.util.concurrent.locks.AbstractQueuedSynchronizer$ConditionObject.awaitNanos(AbstractQueuedSynchronizer.java:1672)
 java.base@17.0.8.1/java.util.concurrent.ScheduledThreadPoolExecutor$DelayedWorkQueue.take(ScheduledThreadPoolExecutor.java:1182)
 java.base@17.0.8.1/java.util.concurrent.ScheduledThreadPoolExecutor$DelayedWorkQueue.take(ScheduledThreadPoolExecutor.java:899)
 java.base@17.0.8.1/java.util.concurrent.ThreadPoolExecutor.getTask(ThreadPoolExecutor.java:1062)
 java.base@17.0.8.1/java.util.concurrent.ThreadPoolExecutor.runWorker(ThreadPoolExecutor.java:1122)
 java.base@17.0.8.1/java.util.concurrent.ThreadPoolExecutor$Worker.run(ThreadPoolExecutor.java:635)
 java.base@17.0.8.1/java.lang.Thread.run(Thread.java:833)[0;39m
[2023-12-18 15:47:37 [32mINFO [0;39m Thread-7] [org.apache.coyote.http11.Http11NioProtocol] [36mStopping ProtocolHandler ["http-nio-8080"][0;39m
[2023-12-18 15:47:37 [32mINFO [0;39m Thread-7] [org.apache.coyote.http11.Http11NioProtocol] [36mDestroying ProtocolHandler ["http-nio-8080"][0;39m
[2023-12-18 15:47:37 [32mINFO [0;39m Thread-7] [com.zaxxer.hikari.HikariDataSource] [36mHikariPool-1 - Shutdown initiated...[0;39m
[2023-12-18 15:47:37 [32mINFO [0;39m Thread-7] [com.zaxxer.hikari.HikariDataSource] [36mHikariPool-1 - Shutdown completed.[0;39m
[2023-12-18 15:47:37 [32mINFO [0;39m restartedMain] [com.green.demo.DemoApplication] [36mStarting DemoApplication using Java 17.0.8.1 with PID 3240 (D:\2023\java\demo\target\classes started by Administrator in D:\2023\java\demo)[0;39m
[2023-12-18 15:47:37 [32mINFO [0;39m restartedMain] [com.green.demo.DemoApplication] [36mNo active profile set, falling back to 1 default profile: "default"[0;39m
[2023-12-18 15:47:38 [32mINFO [0;39m restartedMain] [org.springframework.boot.web.embedded.tomcat.TomcatWebServer] [36mTomcat initialized with port(s): 8080 (http)[0;39m
[2023-12-18 15:47:38 [32mINFO [0;39m restartedMain] [org.apache.coyote.http11.Http11NioProtocol] [36mInitializing ProtocolHandler ["http-nio-8080"][0;39m
[2023-12-18 15:47:38 [32mINFO [0;39m restartedMain] [org.apache.catalina.core.StandardService] [36mStarting service [Tomcat][0;39m
[2023-12-18 15:47:38 [32mINFO [0;39m restartedMain] [org.apache.catalina.core.StandardEngine] [36mStarting Servlet engine: [Apache Tomcat/10.1.15][0;39m
[2023-12-18 15:47:38 [32mINFO [0;39m restartedMain] [org.apache.catalina.core.ContainerBase.[Tomcat].[localhost].[/]] [36mInitializing Spring embedded WebApplicationContext[0;39m
[2023-12-18 15:47:38 [32mINFO [0;39m restartedMain] [org.springframework.boot.web.servlet.context.ServletWebServerApplicationContext] [36mRoot WebApplicationContext: initialization completed in 165 ms[0;39m
[2023-12-18 15:47:38 [32mINFO [0;39m restartedMain] [org.springframework.boot.devtools.autoconfigure.OptionalLiveReloadServer] [36mLiveReload server is running on port 35729[0;39m
[2023-12-18 15:47:38 [32mINFO [0;39m restartedMain] [org.apache.coyote.http11.Http11NioProtocol] [36mStarting ProtocolHandler ["http-nio-8080"][0;39m
[2023-12-18 15:47:38 [32mINFO [0;39m restartedMain] [org.springframework.boot.web.embedded.tomcat.TomcatWebServer] [36mTomcat started on port(s): 8080 (http) with context path ''[0;39m
[2023-12-18 15:47:38 [32mINFO [0;39m restartedMain] [com.green.demo.DemoApplication] [36mStarted DemoApplication in 0.329 seconds (process running for 849.898)[0;39m
[2023-12-18 15:47:38 [32mINFO [0;39m restartedMain] [org.springframework.boot.devtools.autoconfigure.ConditionEvaluationDeltaLoggingListener] [36mCondition evaluation unchanged[0;39m
[2023-12-18 15:47:39 [32mINFO [0;39m File Watcher] [org.springframework.boot.devtools.autoconfigure.LocalDevToolsAutoConfiguration$RestartingClassPathChangeChangedEventListener] [36mRestarting due to 1 class path change (1 addition, 0 deletions, 0 modifications)[0;39m
[2023-12-18 15:47:39 [32mINFO [0;39m Thread-11] [org.apache.coyote.http11.Http11NioProtocol] [36mPausing ProtocolHandler ["http-nio-8080"][0;39m
[2023-12-18 15:47:39 [32mINFO [0;39m Thread-11] [org.apache.catalina.core.StandardService] [36mStopping service [Tomcat][0;39m
[2023-12-18 15:47:39 [32mINFO [0;39m Thread-11] [org.apache.coyote.http11.Http11NioProtocol] [36mStopping ProtocolHandler ["http-nio-8080"][0;39m
[2023-12-18 15:47:39 [32mINFO [0;39m Thread-11] [org.apache.coyote.http11.Http11NioProtocol] [36mDestroying ProtocolHandler ["http-nio-8080"][0;39m
[2023-12-18 15:47:39 [32mINFO [0;39m restartedMain] [com.green.demo.DemoApplication] [36mStarting DemoApplication using Java 17.0.8.1 with PID 3240 (D:\2023\java\demo\target\classes started by Administrator in D:\2023\java\demo)[0;39m
[2023-12-18 15:47:39 [32mINFO [0;39m restartedMain] [com.green.demo.DemoApplication] [36mNo active profile set, falling back to 1 default profile: "default"[0;39m
[2023-12-18 15:47:39 [32mINFO [0;39m restartedMain] [org.springframework.boot.web.embedded.tomcat.TomcatWebServer] [36mTomcat initialized with port(s): 8080 (http)[0;39m
[2023-12-18 15:47:39 [32mINFO [0;39m restartedMain] [org.apache.coyote.http11.Http11NioProtocol] [36mInitializing ProtocolHandler ["http-nio-8080"][0;39m
[2023-12-18 15:47:39 [32mINFO [0;39m restartedMain] [org.apache.catalina.core.StandardService] [36mStarting service [Tomcat][0;39m
[2023-12-18 15:47:39 [32mINFO [0;39m restartedMain] [org.apache.catalina.core.StandardEngine] [36mStarting Servlet engine: [Apache Tomcat/10.1.15][0;39m
[2023-12-18 15:47:39 [32mINFO [0;39m restartedMain] [org.apache.catalina.core.ContainerBase.[Tomcat].[localhost].[/]] [36mInitializing Spring embedded WebApplicationContext[0;39m
[2023-12-18 15:47:39 [32mINFO [0;39m restartedMain] [org.springframework.boot.web.servlet.context.ServletWebServerApplicationContext] [36mRoot WebApplicationContext: initialization completed in 140 ms[0;39m
[2023-12-18 15:47:39 [32mINFO [0;39m restartedMain] [org.springframework.boot.devtools.autoconfigure.OptionalLiveReloadServer] [36mLiveReload server is running on port 35729[0;39m
[2023-12-18 15:47:39 [32mINFO [0;39m restartedMain] [org.apache.coyote.http11.Http11NioProtocol] [36mStarting ProtocolHandler ["http-nio-8080"][0;39m
[2023-12-18 15:47:39 [32mINFO [0;39m restartedMain] [org.springframework.boot.web.embedded.tomcat.TomcatWebServer] [36mTomcat started on port(s): 8080 (http) with context path ''[0;39m
[2023-12-18 15:47:39 [32mINFO [0;39m restartedMain] [com.green.demo.DemoApplication] [36mStarted DemoApplication in 0.254 seconds (process running for 851.596)[0;39m
[2023-12-18 15:47:39 [32mINFO [0;39m restartedMain] [org.springframework.boot.devtools.autoconfigure.ConditionEvaluationDeltaLoggingListener] [36mCondition evaluation unchanged[0;39m
[2023-12-18 16:01:21 [32mINFO [0;39m File Watcher] [org.springframework.boot.devtools.autoconfigure.LocalDevToolsAutoConfiguration$RestartingClassPathChangeChangedEventListener] [36mRestarting due to 2 class path changes (0 additions, 0 deletions, 2 modifications)[0;39m
[2023-12-18 16:01:21 [32mINFO [0;39m Thread-15] [org.apache.coyote.http11.Http11NioProtocol] [36mPausing ProtocolHandler ["http-nio-8080"][0;39m
[2023-12-18 16:01:21 [32mINFO [0;39m Thread-15] [org.apache.catalina.core.StandardService] [36mStopping service [Tomcat][0;39m
[2023-12-18 16:01:21 [32mINFO [0;39m Thread-15] [org.apache.coyote.http11.Http11NioProtocol] [36mStopping ProtocolHandler ["http-nio-8080"][0;39m
[2023-12-18 16:01:21 [32mINFO [0;39m Thread-15] [org.apache.coyote.http11.Http11NioProtocol] [36mDestroying ProtocolHandler ["http-nio-8080"][0;39m
[2023-12-18 16:01:21 [32mINFO [0;39m restartedMain] [com.green.demo.DemoApplication] [36mStarting DemoApplication using Java 17.0.8.1 with PID 3240 (D:\2023\java\demo\target\classes started by Administrator in D:\2023\java\demo)[0;39m
[2023-12-18 16:01:21 [32mINFO [0;39m restartedMain] [com.green.demo.DemoApplication] [36mNo active profile set, falling back to 1 default profile: "default"[0;39m
[2023-12-18 16:01:22 [32mINFO [0;39m restartedMain] [org.springframework.boot.web.embedded.tomcat.TomcatWebServer] [36mTomcat initialized with port(s): 8080 (http)[0;39m
[2023-12-18 16:01:22 [32mINFO [0;39m restartedMain] [org.apache.coyote.http11.Http11NioProtocol] [36mInitializing ProtocolHandler ["http-nio-8080"][0;39m
[2023-12-18 16:01:22 [32mINFO [0;39m restartedMain] [org.apache.catalina.core.StandardService] [36mStarting service [Tomcat][0;39m
[2023-12-18 16:01:22 [32mINFO [0;39m restartedMain] [org.apache.catalina.core.StandardEngine] [36mStarting Servlet engine: [Apache Tomcat/10.1.15][0;39m
[2023-12-18 16:01:22 [32mINFO [0;39m restartedMain] [org.apache.catalina.core.ContainerBase.[Tomcat].[localhost].[/]] [36mInitializing Spring embedded WebApplicationContext[0;39m
[2023-12-18 16:01:22 [32mINFO [0;39m restartedMain] [org.springframework.boot.web.servlet.context.ServletWebServerApplicationContext] [36mRoot WebApplicationContext: initialization completed in 148 ms[0;39m
[2023-12-18 16:01:22 [32mINFO [0;39m restartedMain] [org.springframework.boot.devtools.autoconfigure.OptionalLiveReloadServer] [36mLiveReload server is running on port 35729[0;39m
[2023-12-18 16:01:22 [32mINFO [0;39m restartedMain] [org.apache.coyote.http11.Http11NioProtocol] [36mStarting ProtocolHandler ["http-nio-8080"][0;39m
[2023-12-18 16:01:22 [32mINFO [0;39m restartedMain] [org.springframework.boot.web.embedded.tomcat.TomcatWebServer] [36mTomcat started on port(s): 8080 (http) with context path ''[0;39m
[2023-12-18 16:01:22 [32mINFO [0;39m restartedMain] [com.green.demo.DemoApplication] [36mStarted DemoApplication in 0.261 seconds (process running for 1673.729)[0;39m
[2023-12-18 16:01:22 [32mINFO [0;39m restartedMain] [org.springframework.boot.devtools.autoconfigure.ConditionEvaluationDeltaLoggingListener] [36mCondition evaluation unchanged[0;39m
[2023-12-18 16:04:14 [32mINFO [0;39m File Watcher] [org.springframework.boot.devtools.autoconfigure.LocalDevToolsAutoConfiguration$RestartingClassPathChangeChangedEventListener] [36mRestarting due to 2 class path changes (0 additions, 0 deletions, 2 modifications)[0;39m
[2023-12-18 16:04:14 [32mINFO [0;39m Thread-19] [org.apache.coyote.http11.Http11NioProtocol] [36mPausing ProtocolHandler ["http-nio-8080"][0;39m
[2023-12-18 16:04:14 [32mINFO [0;39m Thread-19] [org.apache.catalina.core.StandardService] [36mStopping service [Tomcat][0;39m
[2023-12-18 16:04:14 [32mINFO [0;39m Thread-19] [org.apache.coyote.http11.Http11NioProtocol] [36mStopping ProtocolHandler ["http-nio-8080"][0;39m
[2023-12-18 16:04:14 [32mINFO [0;39m Thread-19] [org.apache.coyote.http11.Http11NioProtocol] [36mDestroying ProtocolHandler ["http-nio-8080"][0;39m
[2023-12-18 16:04:14 [32mINFO [0;39m restartedMain] [com.green.demo.DemoApplication] [36mStarting DemoApplication using Java 17.0.8.1 with PID 3240 (D:\2023\java\demo\target\classes started by Administrator in D:\2023\java\demo)[0;39m
[2023-12-18 16:04:14 [32mINFO [0;39m restartedMain] [com.green.demo.DemoApplication] [36mNo active profile set, falling back to 1 default profile: "default"[0;39m
[2023-12-18 16:04:14 [32mINFO [0;39m restartedMain] [org.springframework.boot.web.embedded.tomcat.TomcatWebServer] [36mTomcat initialized with port(s): 8080 (http)[0;39m
[2023-12-18 16:04:14 [32mINFO [0;39m restartedMain] [org.apache.coyote.http11.Http11NioProtocol] [36mInitializing ProtocolHandler ["http-nio-8080"][0;39m
[2023-12-18 16:04:14 [32mINFO [0;39m restartedMain] [org.apache.catalina.core.StandardService] [36mStarting service [Tomcat][0;39m
[2023-12-18 16:04:14 [32mINFO [0;39m restartedMain] [org.apache.catalina.core.StandardEngine] [36mStarting Servlet engine: [Apache Tomcat/10.1.15][0;39m
[2023-12-18 16:04:14 [32mINFO [0;39m restartedMain] [org.apache.catalina.core.ContainerBase.[Tomcat].[localhost].[/]] [36mInitializing Spring embedded WebApplicationContext[0;39m
[2023-12-18 16:04:14 [32mINFO [0;39m restartedMain] [org.springframework.boot.web.servlet.context.ServletWebServerApplicationContext] [36mRoot WebApplicationContext: initialization completed in 133 ms[0;39m
[2023-12-18 16:04:15 [32mINFO [0;39m restartedMain] [org.springframework.boot.devtools.autoconfigure.OptionalLiveReloadServer] [36mLiveReload server is running on port 35729[0;39m
[2023-12-18 16:04:15 [32mINFO [0;39m restartedMain] [org.apache.coyote.http11.Http11NioProtocol] [36mStarting ProtocolHandler ["http-nio-8080"][0;39m
[2023-12-18 16:04:15 [32mINFO [0;39m restartedMain] [org.springframework.boot.web.embedded.tomcat.TomcatWebServer] [36mTomcat started on port(s): 8080 (http) with context path ''[0;39m
[2023-12-18 16:04:15 [32mINFO [0;39m restartedMain] [com.green.demo.DemoApplication] [36mStarted DemoApplication in 0.239 seconds (process running for 1846.646)[0;39m
[2023-12-18 16:04:15 [32mINFO [0;39m restartedMain] [org.springframework.boot.devtools.autoconfigure.ConditionEvaluationDeltaLoggingListener] [36mCondition evaluation unchanged[0;39m
[2023-12-18 16:15:14 [32mINFO [0;39m File Watcher] [org.springframework.boot.devtools.autoconfigure.LocalDevToolsAutoConfiguration$RestartingClassPathChangeChangedEventListener] [36mRestarting due to 2 class path changes (0 additions, 1 deletion, 1 modification)[0;39m
[2023-12-18 16:15:14 [32mINFO [0;39m Thread-23] [org.apache.coyote.http11.Http11NioProtocol] [36mPausing ProtocolHandler ["http-nio-8080"][0;39m
[2023-12-18 16:15:14 [32mINFO [0;39m Thread-23] [org.apache.catalina.core.StandardService] [36mStopping service [Tomcat][0;39m
[2023-12-18 16:15:14 [32mINFO [0;39m Thread-23] [org.apache.coyote.http11.Http11NioProtocol] [36mStopping ProtocolHandler ["http-nio-8080"][0;39m
[2023-12-18 16:15:14 [32mINFO [0;39m Thread-23] [org.apache.coyote.http11.Http11NioProtocol] [36mDestroying ProtocolHandler ["http-nio-8080"][0;39m
[2023-12-18 16:15:14 [32mINFO [0;39m restartedMain] [com.green.demo.DemoApplication] [36mStarting DemoApplication using Java 17.0.8.1 with PID 3240 (D:\2023\java\demo\target\classes started by Administrator in D:\2023\java\demo)[0;39m
[2023-12-18 16:15:14 [32mINFO [0;39m restartedMain] [com.green.demo.DemoApplication] [36mNo active profile set, falling back to 1 default profile: "default"[0;39m
[2023-12-18 16:15:14 [32mINFO [0;39m restartedMain] [org.springframework.boot.web.embedded.tomcat.TomcatWebServer] [36mTomcat initialized with port(s): 8080 (http)[0;39m
[2023-12-18 16:15:14 [32mINFO [0;39m restartedMain] [org.apache.coyote.http11.Http11NioProtocol] [36mInitializing ProtocolHandler ["http-nio-8080"][0;39m
[2023-12-18 16:15:14 [32mINFO [0;39m restartedMain] [org.apache.catalina.core.StandardService] [36mStarting service [Tomcat][0;39m
[2023-12-18 16:15:14 [32mINFO [0;39m restartedMain] [org.apache.catalina.core.StandardEngine] [36mStarting Servlet engine: [Apache Tomcat/10.1.15][0;39m
[2023-12-18 16:15:14 [32mINFO [0;39m restartedMain] [org.apache.catalina.core.ContainerBase.[Tomcat].[localhost].[/]] [36mInitializing Spring embedded WebApplicationContext[0;39m
[2023-12-18 16:15:14 [32mINFO [0;39m restartedMain] [org.springframework.boot.web.servlet.context.ServletWebServerApplicationContext] [36mRoot WebApplicationContext: initialization completed in 154 ms[0;39m
[2023-12-18 16:15:14 [32mINFO [0;39m restartedMain] [org.springframework.boot.devtools.autoconfigure.OptionalLiveReloadServer] [36mLiveReload server is running on port 35729[0;39m
[2023-12-18 16:15:14 [32mINFO [0;39m restartedMain] [org.apache.coyote.http11.Http11NioProtocol] [36mStarting ProtocolHandler ["http-nio-8080"][0;39m
[2023-12-18 16:15:14 [32mINFO [0;39m restartedMain] [org.springframework.boot.web.embedded.tomcat.TomcatWebServer] [36mTomcat started on port(s): 8080 (http) with context path ''[0;39m
[2023-12-18 16:15:14 [32mINFO [0;39m restartedMain] [com.green.demo.DemoApplication] [36mStarted DemoApplication in 0.289 seconds (process running for 2506.601)[0;39m
[2023-12-18 16:15:14 [32mINFO [0;39m restartedMain] [org.springframework.boot.devtools.autoconfigure.ConditionEvaluationDeltaLoggingListener] [36mCondition evaluation unchanged[0;39m
[2023-12-18 16:15:16 [32mINFO [0;39m File Watcher] [org.springframework.boot.devtools.autoconfigure.LocalDevToolsAutoConfiguration$RestartingClassPathChangeChangedEventListener] [36mRestarting due to 1 class path change (1 addition, 0 deletions, 0 modifications)[0;39m
[2023-12-18 16:15:16 [32mINFO [0;39m Thread-27] [org.apache.coyote.http11.Http11NioProtocol] [36mPausing ProtocolHandler ["http-nio-8080"][0;39m
[2023-12-18 16:15:16 [32mINFO [0;39m Thread-27] [org.apache.catalina.core.StandardService] [36mStopping service [Tomcat][0;39m
[2023-12-18 16:15:16 [32mINFO [0;39m Thread-27] [org.apache.coyote.http11.Http11NioProtocol] [36mStopping ProtocolHandler ["http-nio-8080"][0;39m
[2023-12-18 16:15:16 [32mINFO [0;39m Thread-27] [org.apache.coyote.http11.Http11NioProtocol] [36mDestroying ProtocolHandler ["http-nio-8080"][0;39m
[2023-12-18 16:15:16 [32mINFO [0;39m restartedMain] [com.green.demo.DemoApplication] [36mStarting DemoApplication using Java 17.0.8.1 with PID 3240 (D:\2023\java\demo\target\classes started by Administrator in D:\2023\java\demo)[0;39m
[2023-12-18 16:15:16 [32mINFO [0;39m restartedMain] [com.green.demo.DemoApplication] [36mNo active profile set, falling back to 1 default profile: "default"[0;39m
[2023-12-18 16:15:16 [32mINFO [0;39m restartedMain] [org.springframework.boot.web.embedded.tomcat.TomcatWebServer] [36mTomcat initialized with port(s): 8080 (http)[0;39m
[2023-12-18 16:15:16 [32mINFO [0;39m restartedMain] [org.apache.coyote.http11.Http11NioProtocol] [36mInitializing ProtocolHandler ["http-nio-8080"][0;39m
[2023-12-18 16:15:16 [32mINFO [0;39m restartedMain] [org.apache.catalina.core.StandardService] [36mStarting service [Tomcat][0;39m
[2023-12-18 16:15:16 [32mINFO [0;39m restartedMain] [org.apache.catalina.core.StandardEngine] [36mStarting Servlet engine: [Apache Tomcat/10.1.15][0;39m
[2023-12-18 16:15:16 [32mINFO [0;39m restartedMain] [org.apache.catalina.core.ContainerBase.[Tomcat].[localhost].[/]] [36mInitializing Spring embedded WebApplicationContext[0;39m
[2023-12-18 16:15:16 [32mINFO [0;39m restartedMain] [org.springframework.boot.web.servlet.context.ServletWebServerApplicationContext] [36mRoot WebApplicationContext: initialization completed in 133 ms[0;39m
[2023-12-18 16:15:16 [32mINFO [0;39m restartedMain] [org.springframework.boot.devtools.autoconfigure.OptionalLiveReloadServer] [36mLiveReload server is running on port 35729[0;39m
[2023-12-18 16:15:16 [32mINFO [0;39m restartedMain] [org.apache.coyote.http11.Http11NioProtocol] [36mStarting ProtocolHandler ["http-nio-8080"][0;39m
[2023-12-18 16:15:16 [32mINFO [0;39m restartedMain] [org.springframework.boot.web.embedded.tomcat.TomcatWebServer] [36mTomcat started on port(s): 8080 (http) with context path ''[0;39m
[2023-12-18 16:15:16 [32mINFO [0;39m restartedMain] [com.green.demo.DemoApplication] [36mStarted DemoApplication in 0.238 seconds (process running for 2508.276)[0;39m
[2023-12-18 16:15:16 [32mINFO [0;39m restartedMain] [org.springframework.boot.devtools.autoconfigure.ConditionEvaluationDeltaLoggingListener] [36mCondition evaluation unchanged[0;39m
[2023-12-18 16:16:19 [32mINFO [0;39m http-nio-8080-exec-4] [org.apache.catalina.core.ContainerBase.[Tomcat].[localhost].[/]] [36mInitializing Spring DispatcherServlet 'dispatcherServlet'[0;39m
[2023-12-18 16:16:19 [32mINFO [0;39m http-nio-8080-exec-4] [org.springframework.web.servlet.DispatcherServlet] [36mInitializing Servlet 'dispatcherServlet'[0;39m
[2023-12-18 16:16:19 [32mINFO [0;39m http-nio-8080-exec-4] [org.springframework.web.servlet.DispatcherServlet] [36mCompleted initialization in 1 ms[0;39m
[2023-12-18 16:16:19 [32mINFO [0;39m http-nio-8080-exec-4] [com.zaxxer.hikari.HikariDataSource] [36mHikariPool-2 - Starting...[0;39m
[2023-12-18 16:16:19 [32mINFO [0;39m http-nio-8080-exec-4] [com.zaxxer.hikari.pool.HikariPool] [36mHikariPool-2 - Added connection org.mariadb.jdbc.Connection@24740f58[0;39m
[2023-12-18 16:16:19 [32mINFO [0;39m http-nio-8080-exec-4] [com.zaxxer.hikari.HikariDataSource] [36mHikariPool-2 - Start completed.[0;39m
[2023-12-18 16:16:19 [33mWARN [0;39m http-nio-8080-exec-4] [org.mariadb.jdbc.message.server.ErrorPacket] [36mError: 1054-42S22: Unknown column 'm.is_saw' in 'field list'[0;39m
[2023-12-18 16:16:19 [31mERROR[0;39m http-nio-8080-exec-4] [org.apache.catalina.core.ContainerBase.[Tomcat].[localhost].[/].[dispatcherServlet]] [36mServlet.service() for servlet [dispatcherServlet] in context with path [] threw exception [Request processing failed: org.springframework.jdbc.BadSqlGrammarException: 
### Error querying database.  Cause: java.sql.SQLSyntaxErrorException: (conn=294) Unknown column 'm.is_saw' in 'field list'
### The error may exist in file [D:\2023\java\demo\target\classes\mapper\MovieMapper.xml]
### The error may involve defaultParameterMap
### The error occurred while setting parameters
### SQL: SELECT imedia,title, date, is_saw AS isSaw,         if(m.is_saw = 1, m.star, NULL) as star,         if(m.is_saw = 1, m.comment, NULL) as comment, genrepk         from t_media         WHERE iuser = ?         AND imedia = ?         and del = 0
### Cause: java.sql.SQLSyntaxErrorException: (conn=294) Unknown column 'm.is_saw' in 'field list'
; bad SQL grammar []] with root cause[0;39m
java.sql.SQLSyntaxErrorException: (conn=294) Unknown column 'm.is_saw' in 'field list'
	at org.mariadb.jdbc.export.ExceptionFactory.createException(ExceptionFactory.java:282)
	at org.mariadb.jdbc.export.ExceptionFactory.create(ExceptionFactory.java:370)
	at org.mariadb.jdbc.message.ClientMessage.readPacket(ClientMessage.java:134)
	at org.mariadb.jdbc.client.impl.StandardClient.readPacket(StandardClient.java:872)
	at org.mariadb.jdbc.client.impl.StandardClient.readResults(StandardClient.java:811)
	at org.mariadb.jdbc.client.impl.StandardClient.readResponse(StandardClient.java:730)
	at org.mariadb.jdbc.client.impl.StandardClient.execute(StandardClient.java:654)
	at org.mariadb.jdbc.ClientPreparedStatement.executeInternal(ClientPreparedStatement.java:95)
	at org.mariadb.jdbc.ClientPreparedStatement.execute(ClientPreparedStatement.java:268)
	at com.zaxxer.hikari.pool.ProxyPreparedStatement.execute(ProxyPreparedStatement.java:44)
	at com.zaxxer.hikari.pool.HikariProxyPreparedStatement.execute(HikariProxyPreparedStatement.java)
	at org.apache.ibatis.executor.statement.PreparedStatementHandler.query(PreparedStatementHandler.java:65)
	at org.apache.ibatis.executor.statement.RoutingStatementHandler.query(RoutingStatementHandler.java:80)
	at org.apache.ibatis.executor.SimpleExecutor.doQuery(SimpleExecutor.java:65)
	at org.apache.ibatis.executor.BaseExecutor.queryFromDatabase(BaseExecutor.java:333)
	at org.apache.ibatis.executor.BaseExecutor.query(BaseExecutor.java:158)
	at org.apache.ibatis.executor.CachingExecutor.query(CachingExecutor.java:110)
	at org.apache.ibatis.executor.CachingExecutor.query(CachingExecutor.java:90)
	at org.apache.ibatis.session.defaults.DefaultSqlSession.selectList(DefaultSqlSession.java:154)
	at org.apache.ibatis.session.defaults.DefaultSqlSession.selectList(DefaultSqlSession.java:147)
	at org.apache.ibatis.session.defaults.DefaultSqlSession.selectList(DefaultSqlSession.java:142)
	at org.apache.ibatis.session.defaults.DefaultSqlSession.selectOne(DefaultSqlSession.java:75)
	at java.base/jdk.internal.reflect.NativeMethodAccessorImpl.invoke0(Native Method)
	at java.base/jdk.internal.reflect.NativeMethodAccessorImpl.invoke(NativeMethodAccessorImpl.java:77)
	at java.base/jdk.internal.reflect.DelegatingMethodAccessorImpl.invoke(DelegatingMethodAccessorImpl.java:43)
	at java.base/java.lang.reflect.Method.invoke(Method.java:568)
	at org.mybatis.spring.SqlSessionTemplate$SqlSessionInterceptor.invoke(SqlSessionTemplate.java:425)
	at jdk.proxy2/jdk.proxy2.$Proxy71.selectOne(Unknown Source)
	at org.mybatis.spring.SqlSessionTemplate.selectOne(SqlSessionTemplate.java:160)
	at org.apache.ibatis.binding.MapperMethod.execute(MapperMethod.java:87)
	at org.apache.ibatis.binding.MapperProxy$PlainMethodInvoker.invoke(MapperProxy.java:142)
	at org.apache.ibatis.binding.MapperProxy.invoke(MapperProxy.java:86)
	at jdk.proxy11/jdk.proxy11.$Proxy101.getDetailMedia(Unknown Source)
	at com.green.demo.movies.MovieService.getDetailMedia(MovieService.java:52)
	at com.green.demo.movies.MovieControlle.getDetailMedia(MovieControlle.java:52)
	at java.base/jdk.internal.reflect.NativeMethodAccessorImpl.invoke0(Native Method)
	at java.base/jdk.internal.reflect.NativeMethodAccessorImpl.invoke(NativeMethodAccessorImpl.java:77)
	at java.base/jdk.internal.reflect.DelegatingMethodAccessorImpl.invoke(DelegatingMethodAccessorImpl.java:43)
	at java.base/java.lang.reflect.Method.invoke(Method.java:568)
	at org.springframework.web.method.support.InvocableHandlerMethod.doInvoke(InvocableHandlerMethod.java:205)
	at org.springframework.web.method.support.InvocableHandlerMethod.invokeForRequest(InvocableHandlerMethod.java:150)
	at org.springframework.web.servlet.mvc.method.annotation.ServletInvocableHandlerMethod.invokeAndHandle(ServletInvocableHandlerMethod.java:118)
	at org.springframework.web.servlet.mvc.method.annotation.RequestMappingHandlerAdapter.invokeHandlerMethod(RequestMappingHandlerAdapter.java:884)
	at org.springframework.web.servlet.mvc.method.annotation.RequestMappingHandlerAdapter.handleInternal(RequestMappingHandlerAdapter.java:797)
	at org.springframework.web.servlet.mvc.method.AbstractHandlerMethodAdapter.handle(AbstractHandlerMethodAdapter.java:87)
	at org.springframework.web.servlet.DispatcherServlet.doDispatch(DispatcherServlet.java:1081)
	at org.springframework.web.servlet.DispatcherServlet.doService(DispatcherServlet.java:974)
	at org.springframework.web.servlet.FrameworkServlet.processRequest(FrameworkServlet.java:1011)
	at org.springframework.web.servlet.FrameworkServlet.doGet(FrameworkServlet.java:903)
	at jakarta.servlet.http.HttpServlet.service(HttpServlet.java:564)
	at org.springframework.web.servlet.FrameworkServlet.service(FrameworkServlet.java:885)
	at jakarta.servlet.http.HttpServlet.service(HttpServlet.java:658)
	at org.apache.catalina.core.ApplicationFilterChain.internalDoFilter(ApplicationFilterChain.java:205)
	at org.apache.catalina.core.ApplicationFilterChain.doFilter(ApplicationFilterChain.java:149)
	at org.apache.tomcat.websocket.server.WsFilter.doFilter(WsFilter.java:51)
	at org.apache.catalina.core.ApplicationFilterChain.internalDoFilter(ApplicationFilterChain.java:174)
	at org.apache.catalina.core.ApplicationFilterChain.doFilter(ApplicationFilterChain.java:149)
	at org.springframework.web.filter.RequestContextFilter.doFilterInternal(RequestContextFilter.java:100)
	at org.springframework.web.filter.OncePerRequestFilter.doFilter(OncePerRequestFilter.java:116)
	at org.apache.catalina.core.ApplicationFilterChain.internalDoFilter(ApplicationFilterChain.java:174)
	at org.apache.catalina.core.ApplicationFilterChain.doFilter(ApplicationFilterChain.java:149)
	at org.springframework.web.filter.FormContentFilter.doFilterInternal(FormContentFilter.java:93)
	at org.springframework.web.filter.OncePerRequestFilter.doFilter(OncePerRequestFilter.java:116)
	at org.apache.catalina.core.ApplicationFilterChain.internalDoFilter(ApplicationFilterChain.java:174)
	at org.apache.catalina.core.ApplicationFilterChain.doFilter(ApplicationFilterChain.java:149)
	at org.springframework.web.filter.CharacterEncodingFilter.doFilterInternal(CharacterEncodingFilter.java:201)
	at org.springframework.web.filter.OncePerRequestFilter.doFilter(OncePerRequestFilter.java:116)
	at org.apache.catalina.core.ApplicationFilterChain.internalDoFilter(ApplicationFilterChain.java:174)
	at org.apache.catalina.core.ApplicationFilterChain.doFilter(ApplicationFilterChain.java:149)
	at org.apache.catalina.core.StandardWrapperValve.invoke(StandardWrapperValve.java:167)
	at org.apache.catalina.core.StandardContextValve.invoke(StandardContextValve.java:90)
	at org.apache.catalina.authenticator.AuthenticatorBase.invoke(AuthenticatorBase.java:482)
	at org.apache.catalina.core.StandardHostValve.invoke(StandardHostValve.java:115)
	at org.apache.catalina.valves.ErrorReportValve.invoke(ErrorReportValve.java:93)
	at org.apache.catalina.core.StandardEngineValve.invoke(StandardEngineValve.java:74)
	at org.apache.catalina.connector.CoyoteAdapter.service(CoyoteAdapter.java:340)
	at org.apache.coyote.http11.Http11Processor.service(Http11Processor.java:391)
	at org.apache.coyote.AbstractProcessorLight.process(AbstractProcessorLight.java:63)
	at org.apache.coyote.AbstractProtocol$ConnectionHandler.process(AbstractProtocol.java:896)
	at org.apache.tomcat.util.net.NioEndpoint$SocketProcessor.doRun(NioEndpoint.java:1744)
	at org.apache.tomcat.util.net.SocketProcessorBase.run(SocketProcessorBase.java:52)
	at org.apache.tomcat.util.threads.ThreadPoolExecutor.runWorker(ThreadPoolExecutor.java:1191)
	at org.apache.tomcat.util.threads.ThreadPoolExecutor$Worker.run(ThreadPoolExecutor.java:659)
	at org.apache.tomcat.util.threads.TaskThread$WrappingRunnable.run(TaskThread.java:61)
	at java.base/java.lang.Thread.run(Thread.java:833)
[2023-12-18 16:41:50 [32mINFO [0;39m File Watcher] [org.springframework.boot.devtools.autoconfigure.LocalDevToolsAutoConfiguration$RestartingClassPathChangeChangedEventListener] [36mRestarting due to 2 class path changes (0 additions, 0 deletions, 2 modifications)[0;39m
[2023-12-18 16:41:50 [32mINFO [0;39m Thread-31] [org.apache.coyote.http11.Http11NioProtocol] [36mPausing ProtocolHandler ["http-nio-8080"][0;39m
[2023-12-18 16:41:50 [32mINFO [0;39m Thread-31] [org.apache.catalina.core.StandardService] [36mStopping service [Tomcat][0;39m
[2023-12-18 16:41:50 [32mINFO [0;39m Thread-31] [org.apache.catalina.core.ContainerBase.[Tomcat].[localhost].[/]] [36mDestroying Spring FrameworkServlet 'dispatcherServlet'[0;39m
[2023-12-18 16:41:50 [33mWARN [0;39m Thread-31] [org.apache.catalina.loader.WebappClassLoaderBase] [36mThe web application [ROOT] appears to have started a thread named [HikariPool-2 housekeeper] but has failed to stop it. This is very likely to create a memory leak. Stack trace of thread:
 java.base@17.0.8.1/jdk.internal.misc.Unsafe.park(Native Method)
 java.base@17.0.8.1/java.util.concurrent.locks.LockSupport.parkNanos(LockSupport.java:252)
 java.base@17.0.8.1/java.util.concurrent.locks.AbstractQueuedSynchronizer$ConditionObject.awaitNanos(AbstractQueuedSynchronizer.java:1672)
 java.base@17.0.8.1/java.util.concurrent.ScheduledThreadPoolExecutor$DelayedWorkQueue.take(ScheduledThreadPoolExecutor.java:1182)
 java.base@17.0.8.1/java.util.concurrent.ScheduledThreadPoolExecutor$DelayedWorkQueue.take(ScheduledThreadPoolExecutor.java:899)
 java.base@17.0.8.1/java.util.concurrent.ThreadPoolExecutor.getTask(ThreadPoolExecutor.java:1062)
 java.base@17.0.8.1/java.util.concurrent.ThreadPoolExecutor.runWorker(ThreadPoolExecutor.java:1122)
 java.base@17.0.8.1/java.util.concurrent.ThreadPoolExecutor$Worker.run(ThreadPoolExecutor.java:635)
 java.base@17.0.8.1/java.lang.Thread.run(Thread.java:833)[0;39m
[2023-12-18 16:41:50 [32mINFO [0;39m Thread-31] [org.apache.coyote.http11.Http11NioProtocol] [36mStopping ProtocolHandler ["http-nio-8080"][0;39m
[2023-12-18 16:41:50 [32mINFO [0;39m Thread-31] [org.apache.coyote.http11.Http11NioProtocol] [36mDestroying ProtocolHandler ["http-nio-8080"][0;39m
[2023-12-18 16:41:50 [32mINFO [0;39m Thread-31] [com.zaxxer.hikari.HikariDataSource] [36mHikariPool-2 - Shutdown initiated...[0;39m
[2023-12-18 16:41:50 [32mINFO [0;39m Thread-31] [com.zaxxer.hikari.HikariDataSource] [36mHikariPool-2 - Shutdown completed.[0;39m
[2023-12-18 16:41:50 [32mINFO [0;39m restartedMain] [com.green.demo.DemoApplication] [36mStarting DemoApplication using Java 17.0.8.1 with PID 3240 (D:\2023\java\demo\target\classes started by Administrator in D:\2023\java\demo)[0;39m
[2023-12-18 16:41:50 [32mINFO [0;39m restartedMain] [com.green.demo.DemoApplication] [36mNo active profile set, falling back to 1 default profile: "default"[0;39m
[2023-12-18 16:41:50 [32mINFO [0;39m restartedMain] [org.springframework.boot.web.embedded.tomcat.TomcatWebServer] [36mTomcat initialized with port(s): 8080 (http)[0;39m
[2023-12-18 16:41:50 [32mINFO [0;39m restartedMain] [org.apache.coyote.http11.Http11NioProtocol] [36mInitializing ProtocolHandler ["http-nio-8080"][0;39m
[2023-12-18 16:41:50 [32mINFO [0;39m restartedMain] [org.apache.catalina.core.StandardService] [36mStarting service [Tomcat][0;39m
[2023-12-18 16:41:50 [32mINFO [0;39m restartedMain] [org.apache.catalina.core.StandardEngine] [36mStarting Servlet engine: [Apache Tomcat/10.1.15][0;39m
[2023-12-18 16:41:50 [32mINFO [0;39m restartedMain] [org.apache.catalina.core.ContainerBase.[Tomcat].[localhost].[/]] [36mInitializing Spring embedded WebApplicationContext[0;39m
[2023-12-18 16:41:50 [32mINFO [0;39m restartedMain] [org.springframework.boot.web.servlet.context.ServletWebServerApplicationContext] [36mRoot WebApplicationContext: initialization completed in 146 ms[0;39m
[2023-12-18 16:41:50 [32mINFO [0;39m restartedMain] [org.springframework.boot.devtools.autoconfigure.OptionalLiveReloadServer] [36mLiveReload server is running on port 35729[0;39m
[2023-12-18 16:41:50 [32mINFO [0;39m restartedMain] [org.apache.coyote.http11.Http11NioProtocol] [36mStarting ProtocolHandler ["http-nio-8080"][0;39m
[2023-12-18 16:41:50 [32mINFO [0;39m restartedMain] [org.springframework.boot.web.embedded.tomcat.TomcatWebServer] [36mTomcat started on port(s): 8080 (http) with context path ''[0;39m
[2023-12-18 16:41:50 [32mINFO [0;39m restartedMain] [com.green.demo.DemoApplication] [36mStarted DemoApplication in 0.277 seconds (process running for 4102.611)[0;39m
[2023-12-18 16:41:50 [32mINFO [0;39m restartedMain] [org.springframework.boot.devtools.autoconfigure.ConditionEvaluationDeltaLoggingListener] [36mCondition evaluation unchanged[0;39m
[2023-12-18 16:43:00 [32mINFO [0;39m File Watcher] [org.springframework.boot.devtools.autoconfigure.LocalDevToolsAutoConfiguration$RestartingClassPathChangeChangedEventListener] [36mRestarting due to 1 class path change (0 additions, 0 deletions, 1 modification)[0;39m
[2023-12-18 16:43:00 [32mINFO [0;39m Thread-35] [org.apache.coyote.http11.Http11NioProtocol] [36mPausing ProtocolHandler ["http-nio-8080"][0;39m
[2023-12-18 16:43:00 [32mINFO [0;39m Thread-35] [org.apache.catalina.core.StandardService] [36mStopping service [Tomcat][0;39m
[2023-12-18 16:43:00 [32mINFO [0;39m Thread-35] [org.apache.coyote.http11.Http11NioProtocol] [36mStopping ProtocolHandler ["http-nio-8080"][0;39m
[2023-12-18 16:43:00 [32mINFO [0;39m Thread-35] [org.apache.coyote.http11.Http11NioProtocol] [36mDestroying ProtocolHandler ["http-nio-8080"][0;39m
[2023-12-18 16:43:00 [32mINFO [0;39m restartedMain] [com.green.demo.DemoApplication] [36mStarting DemoApplication using Java 17.0.8.1 with PID 3240 (D:\2023\java\demo\target\classes started by Administrator in D:\2023\java\demo)[0;39m
[2023-12-18 16:43:00 [32mINFO [0;39m restartedMain] [com.green.demo.DemoApplication] [36mNo active profile set, falling back to 1 default profile: "default"[0;39m
[2023-12-18 16:43:00 [32mINFO [0;39m restartedMain] [org.springframework.boot.web.embedded.tomcat.TomcatWebServer] [36mTomcat initialized with port(s): 8080 (http)[0;39m
[2023-12-18 16:43:00 [32mINFO [0;39m restartedMain] [org.apache.coyote.http11.Http11NioProtocol] [36mInitializing ProtocolHandler ["http-nio-8080"][0;39m
[2023-12-18 16:43:00 [32mINFO [0;39m restartedMain] [org.apache.catalina.core.StandardService] [36mStarting service [Tomcat][0;39m
[2023-12-18 16:43:00 [32mINFO [0;39m restartedMain] [org.apache.catalina.core.StandardEngine] [36mStarting Servlet engine: [Apache Tomcat/10.1.15][0;39m
[2023-12-18 16:43:00 [32mINFO [0;39m restartedMain] [org.apache.catalina.core.ContainerBase.[Tomcat].[localhost].[/]] [36mInitializing Spring embedded WebApplicationContext[0;39m
[2023-12-18 16:43:00 [32mINFO [0;39m restartedMain] [org.springframework.boot.web.servlet.context.ServletWebServerApplicationContext] [36mRoot WebApplicationContext: initialization completed in 134 ms[0;39m
[2023-12-18 16:43:00 [32mINFO [0;39m restartedMain] [org.springframework.boot.devtools.autoconfigure.OptionalLiveReloadServer] [36mLiveReload server is running on port 35729[0;39m
[2023-12-18 16:43:00 [32mINFO [0;39m restartedMain] [org.apache.coyote.http11.Http11NioProtocol] [36mStarting ProtocolHandler ["http-nio-8080"][0;39m
[2023-12-18 16:43:00 [32mINFO [0;39m restartedMain] [org.springframework.boot.web.embedded.tomcat.TomcatWebServer] [36mTomcat started on port(s): 8080 (http) with context path ''[0;39m
[2023-12-18 16:43:00 [32mINFO [0;39m restartedMain] [com.green.demo.DemoApplication] [36mStarted DemoApplication in 0.238 seconds (process running for 4172.446)[0;39m
[2023-12-18 16:43:00 [32mINFO [0;39m restartedMain] [org.springframework.boot.devtools.autoconfigure.ConditionEvaluationDeltaLoggingListener] [36mCondition evaluation unchanged[0;39m
[2023-12-18 16:43:59 [32mINFO [0;39m File Watcher] [org.springframework.boot.devtools.autoconfigure.LocalDevToolsAutoConfiguration$RestartingClassPathChangeChangedEventListener] [36mRestarting due to 1 class path change (0 additions, 0 deletions, 1 modification)[0;39m
[2023-12-18 16:43:59 [32mINFO [0;39m Thread-39] [org.apache.coyote.http11.Http11NioProtocol] [36mPausing ProtocolHandler ["http-nio-8080"][0;39m
[2023-12-18 16:43:59 [32mINFO [0;39m Thread-39] [org.apache.catalina.core.StandardService] [36mStopping service [Tomcat][0;39m
[2023-12-18 16:43:59 [32mINFO [0;39m Thread-39] [org.apache.coyote.http11.Http11NioProtocol] [36mStopping ProtocolHandler ["http-nio-8080"][0;39m
[2023-12-18 16:43:59 [32mINFO [0;39m Thread-39] [org.apache.coyote.http11.Http11NioProtocol] [36mDestroying ProtocolHandler ["http-nio-8080"][0;39m
[2023-12-18 16:43:59 [32mINFO [0;39m restartedMain] [com.green.demo.DemoApplication] [36mStarting DemoApplication using Java 17.0.8.1 with PID 3240 (D:\2023\java\demo\target\classes started by Administrator in D:\2023\java\demo)[0;39m
[2023-12-18 16:43:59 [32mINFO [0;39m restartedMain] [com.green.demo.DemoApplication] [36mNo active profile set, falling back to 1 default profile: "default"[0;39m
[2023-12-18 16:43:59 [32mINFO [0;39m restartedMain] [org.springframework.boot.web.embedded.tomcat.TomcatWebServer] [36mTomcat initialized with port(s): 8080 (http)[0;39m
[2023-12-18 16:43:59 [32mINFO [0;39m restartedMain] [org.apache.coyote.http11.Http11NioProtocol] [36mInitializing ProtocolHandler ["http-nio-8080"][0;39m
[2023-12-18 16:43:59 [32mINFO [0;39m restartedMain] [org.apache.catalina.core.StandardService] [36mStarting service [Tomcat][0;39m
[2023-12-18 16:43:59 [32mINFO [0;39m restartedMain] [org.apache.catalina.core.StandardEngine] [36mStarting Servlet engine: [Apache Tomcat/10.1.15][0;39m
[2023-12-18 16:43:59 [32mINFO [0;39m restartedMain] [org.apache.catalina.core.ContainerBase.[Tomcat].[localhost].[/]] [36mInitializing Spring embedded WebApplicationContext[0;39m
[2023-12-18 16:43:59 [32mINFO [0;39m restartedMain] [org.springframework.boot.web.servlet.context.ServletWebServerApplicationContext] [36mRoot WebApplicationContext: initialization completed in 125 ms[0;39m
[2023-12-18 16:43:59 [32mINFO [0;39m restartedMain] [org.springframework.boot.devtools.autoconfigure.OptionalLiveReloadServer] [36mLiveReload server is running on port 35729[0;39m
[2023-12-18 16:43:59 [32mINFO [0;39m restartedMain] [org.apache.coyote.http11.Http11NioProtocol] [36mStarting ProtocolHandler ["http-nio-8080"][0;39m
[2023-12-18 16:43:59 [32mINFO [0;39m restartedMain] [org.springframework.boot.web.embedded.tomcat.TomcatWebServer] [36mTomcat started on port(s): 8080 (http) with context path ''[0;39m
[2023-12-18 16:43:59 [32mINFO [0;39m restartedMain] [com.green.demo.DemoApplication] [36mStarted DemoApplication in 0.226 seconds (process running for 4231.14)[0;39m
[2023-12-18 16:43:59 [32mINFO [0;39m restartedMain] [org.springframework.boot.devtools.autoconfigure.ConditionEvaluationDeltaLoggingListener] [36mCondition evaluation unchanged[0;39m
[2023-12-18 16:56:56 [32mINFO [0;39m File Watcher] [org.springframework.boot.devtools.autoconfigure.LocalDevToolsAutoConfiguration$RestartingClassPathChangeChangedEventListener] [36mRestarting due to 2 class path changes (0 additions, 0 deletions, 2 modifications)[0;39m
[2023-12-18 16:56:56 [32mINFO [0;39m Thread-43] [org.apache.coyote.http11.Http11NioProtocol] [36mPausing ProtocolHandler ["http-nio-8080"][0;39m
[2023-12-18 16:56:56 [32mINFO [0;39m Thread-43] [org.apache.catalina.core.StandardService] [36mStopping service [Tomcat][0;39m
[2023-12-18 16:56:56 [32mINFO [0;39m Thread-43] [org.apache.coyote.http11.Http11NioProtocol] [36mStopping ProtocolHandler ["http-nio-8080"][0;39m
[2023-12-18 16:56:56 [32mINFO [0;39m Thread-43] [org.apache.coyote.http11.Http11NioProtocol] [36mDestroying ProtocolHandler ["http-nio-8080"][0;39m
[2023-12-18 16:56:56 [32mINFO [0;39m restartedMain] [com.green.demo.DemoApplication] [36mStarting DemoApplication using Java 17.0.8.1 with PID 3240 (D:\2023\java\demo\target\classes started by Administrator in D:\2023\java\demo)[0;39m
[2023-12-18 16:56:56 [32mINFO [0;39m restartedMain] [com.green.demo.DemoApplication] [36mNo active profile set, falling back to 1 default profile: "default"[0;39m
[2023-12-18 16:56:57 [32mINFO [0;39m restartedMain] [org.springframework.boot.web.embedded.tomcat.TomcatWebServer] [36mTomcat initialized with port(s): 8080 (http)[0;39m
[2023-12-18 16:56:57 [32mINFO [0;39m restartedMain] [org.apache.coyote.http11.Http11NioProtocol] [36mInitializing ProtocolHandler ["http-nio-8080"][0;39m
[2023-12-18 16:56:57 [32mINFO [0;39m restartedMain] [org.apache.catalina.core.StandardService] [36mStarting service [Tomcat][0;39m
[2023-12-18 16:56:57 [32mINFO [0;39m restartedMain] [org.apache.catalina.core.StandardEngine] [36mStarting Servlet engine: [Apache Tomcat/10.1.15][0;39m
[2023-12-18 16:56:57 [32mINFO [0;39m restartedMain] [org.apache.catalina.core.ContainerBase.[Tomcat].[localhost].[/]] [36mInitializing Spring embedded WebApplicationContext[0;39m
[2023-12-18 16:56:57 [32mINFO [0;39m restartedMain] [org.springframework.boot.web.servlet.context.ServletWebServerApplicationContext] [36mRoot WebApplicationContext: initialization completed in 169 ms[0;39m
[2023-12-18 16:56:57 [32mINFO [0;39m restartedMain] [org.springframework.boot.devtools.autoconfigure.OptionalLiveReloadServer] [36mLiveReload server is running on port 35729[0;39m
[2023-12-18 16:56:57 [32mINFO [0;39m restartedMain] [org.apache.coyote.http11.Http11NioProtocol] [36mStarting ProtocolHandler ["http-nio-8080"][0;39m
[2023-12-18 16:56:57 [32mINFO [0;39m restartedMain] [org.springframework.boot.web.embedded.tomcat.TomcatWebServer] [36mTomcat started on port(s): 8080 (http) with context path ''[0;39m
[2023-12-18 16:56:57 [32mINFO [0;39m restartedMain] [com.green.demo.DemoApplication] [36mStarted DemoApplication in 0.3 seconds (process running for 5008.754)[0;39m
[2023-12-18 16:56:57 [32mINFO [0;39m restartedMain] [org.springframework.boot.devtools.autoconfigure.ConditionEvaluationDeltaLoggingListener] [36mCondition evaluation unchanged[0;39m
[2023-12-18 17:00:28 [32mINFO [0;39m File Watcher] [org.springframework.boot.devtools.autoconfigure.LocalDevToolsAutoConfiguration$RestartingClassPathChangeChangedEventListener] [36mRestarting due to 3 class path changes (0 additions, 2 deletions, 1 modification)[0;39m
[2023-12-18 17:00:28 [32mINFO [0;39m Thread-47] [org.apache.coyote.http11.Http11NioProtocol] [36mPausing ProtocolHandler ["http-nio-8080"][0;39m
[2023-12-18 17:00:28 [32mINFO [0;39m Thread-47] [org.apache.catalina.core.StandardService] [36mStopping service [Tomcat][0;39m
[2023-12-18 17:00:28 [32mINFO [0;39m Thread-47] [org.apache.coyote.http11.Http11NioProtocol] [36mStopping ProtocolHandler ["http-nio-8080"][0;39m
[2023-12-18 17:00:28 [32mINFO [0;39m Thread-47] [org.apache.coyote.http11.Http11NioProtocol] [36mDestroying ProtocolHandler ["http-nio-8080"][0;39m
[2023-12-18 17:00:28 [32mINFO [0;39m restartedMain] [com.green.demo.DemoApplication] [36mStarting DemoApplication using Java 17.0.8.1 with PID 3240 (D:\2023\java\demo\target\classes started by Administrator in D:\2023\java\demo)[0;39m
[2023-12-18 17:00:28 [32mINFO [0;39m restartedMain] [com.green.demo.DemoApplication] [36mNo active profile set, falling back to 1 default profile: "default"[0;39m
[2023-12-18 17:00:28 [32mINFO [0;39m restartedMain] [org.springframework.boot.web.embedded.tomcat.TomcatWebServer] [36mTomcat initialized with port(s): 8080 (http)[0;39m
[2023-12-18 17:00:28 [32mINFO [0;39m restartedMain] [org.apache.coyote.http11.Http11NioProtocol] [36mInitializing ProtocolHandler ["http-nio-8080"][0;39m
[2023-12-18 17:00:28 [32mINFO [0;39m restartedMain] [org.apache.catalina.core.StandardService] [36mStarting service [Tomcat][0;39m
[2023-12-18 17:00:28 [32mINFO [0;39m restartedMain] [org.apache.catalina.core.StandardEngine] [36mStarting Servlet engine: [Apache Tomcat/10.1.15][0;39m
[2023-12-18 17:00:28 [32mINFO [0;39m restartedMain] [org.apache.catalina.core.ContainerBase.[Tomcat].[localhost].[/]] [36mInitializing Spring embedded WebApplicationContext[0;39m
[2023-12-18 17:00:28 [32mINFO [0;39m restartedMain] [org.springframework.boot.web.servlet.context.ServletWebServerApplicationContext] [36mRoot WebApplicationContext: initialization completed in 132 ms[0;39m
[2023-12-18 17:00:28 [32mINFO [0;39m restartedMain] [org.springframework.boot.devtools.autoconfigure.OptionalLiveReloadServer] [36mLiveReload server is running on port 35729[0;39m
[2023-12-18 17:00:28 [32mINFO [0;39m restartedMain] [org.apache.coyote.http11.Http11NioProtocol] [36mStarting ProtocolHandler ["http-nio-8080"][0;39m
[2023-12-18 17:00:28 [32mINFO [0;39m restartedMain] [org.springframework.boot.web.embedded.tomcat.TomcatWebServer] [36mTomcat started on port(s): 8080 (http) with context path ''[0;39m
[2023-12-18 17:00:28 [32mINFO [0;39m restartedMain] [com.green.demo.DemoApplication] [36mStarted DemoApplication in 0.238 seconds (process running for 5220.213)[0;39m
[2023-12-18 17:00:28 [32mINFO [0;39m restartedMain] [org.springframework.boot.devtools.autoconfigure.ConditionEvaluationDeltaLoggingListener] [36mCondition evaluation unchanged[0;39m
[2023-12-18 17:00:30 [32mINFO [0;39m File Watcher] [org.springframework.boot.devtools.autoconfigure.LocalDevToolsAutoConfiguration$RestartingClassPathChangeChangedEventListener] [36mRestarting due to 3 class path changes (3 additions, 0 deletions, 0 modifications)[0;39m
[2023-12-18 17:00:30 [32mINFO [0;39m Thread-51] [org.apache.coyote.http11.Http11NioProtocol] [36mPausing ProtocolHandler ["http-nio-8080"][0;39m
[2023-12-18 17:00:30 [32mINFO [0;39m Thread-51] [org.apache.catalina.core.StandardService] [36mStopping service [Tomcat][0;39m
[2023-12-18 17:00:30 [32mINFO [0;39m Thread-51] [org.apache.coyote.http11.Http11NioProtocol] [36mStopping ProtocolHandler ["http-nio-8080"][0;39m
[2023-12-18 17:00:30 [32mINFO [0;39m Thread-51] [org.apache.coyote.http11.Http11NioProtocol] [36mDestroying ProtocolHandler ["http-nio-8080"][0;39m
[2023-12-18 17:00:30 [32mINFO [0;39m restartedMain] [com.green.demo.DemoApplication] [36mStarting DemoApplication using Java 17.0.8.1 with PID 3240 (D:\2023\java\demo\target\classes started by Administrator in D:\2023\java\demo)[0;39m
[2023-12-18 17:00:30 [32mINFO [0;39m restartedMain] [com.green.demo.DemoApplication] [36mNo active profile set, falling back to 1 default profile: "default"[0;39m
[2023-12-18 17:00:30 [32mINFO [0;39m restartedMain] [org.springframework.boot.web.embedded.tomcat.TomcatWebServer] [36mTomcat initialized with port(s): 8080 (http)[0;39m
[2023-12-18 17:00:30 [32mINFO [0;39m restartedMain] [org.apache.coyote.http11.Http11NioProtocol] [36mInitializing ProtocolHandler ["http-nio-8080"][0;39m
[2023-12-18 17:00:30 [32mINFO [0;39m restartedMain] [org.apache.catalina.core.StandardService] [36mStarting service [Tomcat][0;39m
[2023-12-18 17:00:30 [32mINFO [0;39m restartedMain] [org.apache.catalina.core.StandardEngine] [36mStarting Servlet engine: [Apache Tomcat/10.1.15][0;39m
[2023-12-18 17:00:30 [32mINFO [0;39m restartedMain] [org.apache.catalina.core.ContainerBase.[Tomcat].[localhost].[/]] [36mInitializing Spring embedded WebApplicationContext[0;39m
[2023-12-18 17:00:30 [32mINFO [0;39m restartedMain] [org.springframework.boot.web.servlet.context.ServletWebServerApplicationContext] [36mRoot WebApplicationContext: initialization completed in 130 ms[0;39m
[2023-12-18 17:00:30 [32mINFO [0;39m restartedMain] [org.springframework.boot.devtools.autoconfigure.OptionalLiveReloadServer] [36mLiveReload server is running on port 35729[0;39m
[2023-12-18 17:00:30 [32mINFO [0;39m restartedMain] [org.apache.coyote.http11.Http11NioProtocol] [36mStarting ProtocolHandler ["http-nio-8080"][0;39m
[2023-12-18 17:00:30 [32mINFO [0;39m restartedMain] [org.springframework.boot.web.embedded.tomcat.TomcatWebServer] [36mTomcat started on port(s): 8080 (http) with context path ''[0;39m
[2023-12-18 17:00:30 [32mINFO [0;39m restartedMain] [com.green.demo.DemoApplication] [36mStarted DemoApplication in 0.233 seconds (process running for 5221.927)[0;39m
[2023-12-18 17:00:30 [32mINFO [0;39m restartedMain] [org.springframework.boot.devtools.autoconfigure.ConditionEvaluationDeltaLoggingListener] [36mCondition evaluation unchanged[0;39m
[2023-12-18 17:06:21 [32mINFO [0;39m File Watcher] [org.springframework.boot.devtools.autoconfigure.LocalDevToolsAutoConfiguration$RestartingClassPathChangeChangedEventListener] [36mRestarting due to 1 class path change (0 additions, 0 deletions, 1 modification)[0;39m
[2023-12-18 17:06:21 [32mINFO [0;39m Thread-55] [org.apache.coyote.http11.Http11NioProtocol] [36mPausing ProtocolHandler ["http-nio-8080"][0;39m
[2023-12-18 17:06:21 [32mINFO [0;39m Thread-55] [org.apache.catalina.core.StandardService] [36mStopping service [Tomcat][0;39m
[2023-12-18 17:06:21 [32mINFO [0;39m Thread-55] [org.apache.coyote.http11.Http11NioProtocol] [36mStopping ProtocolHandler ["http-nio-8080"][0;39m
[2023-12-18 17:06:21 [32mINFO [0;39m Thread-55] [org.apache.coyote.http11.Http11NioProtocol] [36mDestroying ProtocolHandler ["http-nio-8080"][0;39m
[2023-12-18 17:06:21 [32mINFO [0;39m restartedMain] [com.green.demo.DemoApplication] [36mStarting DemoApplication using Java 17.0.8.1 with PID 3240 (D:\2023\java\demo\target\classes started by Administrator in D:\2023\java\demo)[0;39m
[2023-12-18 17:06:21 [32mINFO [0;39m restartedMain] [com.green.demo.DemoApplication] [36mNo active profile set, falling back to 1 default profile: "default"[0;39m
[2023-12-18 17:06:21 [32mINFO [0;39m restartedMain] [org.springframework.boot.web.embedded.tomcat.TomcatWebServer] [36mTomcat initialized with port(s): 8080 (http)[0;39m
[2023-12-18 17:06:21 [32mINFO [0;39m restartedMain] [org.apache.coyote.http11.Http11NioProtocol] [36mInitializing ProtocolHandler ["http-nio-8080"][0;39m
[2023-12-18 17:06:21 [32mINFO [0;39m restartedMain] [org.apache.catalina.core.StandardService] [36mStarting service [Tomcat][0;39m
[2023-12-18 17:06:21 [32mINFO [0;39m restartedMain] [org.apache.catalina.core.StandardEngine] [36mStarting Servlet engine: [Apache Tomcat/10.1.15][0;39m
[2023-12-18 17:06:21 [32mINFO [0;39m restartedMain] [org.apache.catalina.core.ContainerBase.[Tomcat].[localhost].[/]] [36mInitializing Spring embedded WebApplicationContext[0;39m
[2023-12-18 17:06:21 [32mINFO [0;39m restartedMain] [org.springframework.boot.web.servlet.context.ServletWebServerApplicationContext] [36mRoot WebApplicationContext: initialization completed in 136 ms[0;39m
[2023-12-18 17:06:21 [32mINFO [0;39m restartedMain] [org.springframework.boot.devtools.autoconfigure.OptionalLiveReloadServer] [36mLiveReload server is running on port 35729[0;39m
[2023-12-18 17:06:21 [32mINFO [0;39m restartedMain] [org.apache.coyote.http11.Http11NioProtocol] [36mStarting ProtocolHandler ["http-nio-8080"][0;39m
[2023-12-18 17:06:21 [32mINFO [0;39m restartedMain] [org.springframework.boot.web.embedded.tomcat.TomcatWebServer] [36mTomcat started on port(s): 8080 (http) with context path ''[0;39m
[2023-12-18 17:06:21 [32mINFO [0;39m restartedMain] [com.green.demo.DemoApplication] [36mStarted DemoApplication in 0.238 seconds (process running for 5573.494)[0;39m
[2023-12-18 17:06:21 [32mINFO [0;39m restartedMain] [org.springframework.boot.devtools.autoconfigure.ConditionEvaluationDeltaLoggingListener] [36mCondition evaluation unchanged[0;39m
[2023-12-18 17:06:46 [32mINFO [0;39m File Watcher] [org.springframework.boot.devtools.autoconfigure.LocalDevToolsAutoConfiguration$RestartingClassPathChangeChangedEventListener] [36mRestarting due to 1 class path change (0 additions, 0 deletions, 1 modification)[0;39m
[2023-12-18 17:06:46 [32mINFO [0;39m Thread-59] [org.apache.coyote.http11.Http11NioProtocol] [36mPausing ProtocolHandler ["http-nio-8080"][0;39m
[2023-12-18 17:06:46 [32mINFO [0;39m Thread-59] [org.apache.catalina.core.StandardService] [36mStopping service [Tomcat][0;39m
[2023-12-18 17:06:46 [32mINFO [0;39m Thread-59] [org.apache.coyote.http11.Http11NioProtocol] [36mStopping ProtocolHandler ["http-nio-8080"][0;39m
[2023-12-18 17:06:46 [32mINFO [0;39m Thread-59] [org.apache.coyote.http11.Http11NioProtocol] [36mDestroying ProtocolHandler ["http-nio-8080"][0;39m
[2023-12-18 17:06:46 [32mINFO [0;39m restartedMain] [com.green.demo.DemoApplication] [36mStarting DemoApplication using Java 17.0.8.1 with PID 3240 (D:\2023\java\demo\target\classes started by Administrator in D:\2023\java\demo)[0;39m
[2023-12-18 17:06:46 [32mINFO [0;39m restartedMain] [com.green.demo.DemoApplication] [36mNo active profile set, falling back to 1 default profile: "default"[0;39m
[2023-12-18 17:06:46 [32mINFO [0;39m restartedMain] [org.springframework.boot.web.embedded.tomcat.TomcatWebServer] [36mTomcat initialized with port(s): 8080 (http)[0;39m
[2023-12-18 17:06:46 [32mINFO [0;39m restartedMain] [org.apache.coyote.http11.Http11NioProtocol] [36mInitializing ProtocolHandler ["http-nio-8080"][0;39m
[2023-12-18 17:06:46 [32mINFO [0;39m restartedMain] [org.apache.catalina.core.StandardService] [36mStarting service [Tomcat][0;39m
[2023-12-18 17:06:46 [32mINFO [0;39m restartedMain] [org.apache.catalina.core.StandardEngine] [36mStarting Servlet engine: [Apache Tomcat/10.1.15][0;39m
[2023-12-18 17:06:46 [32mINFO [0;39m restartedMain] [org.apache.catalina.core.ContainerBase.[Tomcat].[localhost].[/]] [36mInitializing Spring embedded WebApplicationContext[0;39m
[2023-12-18 17:06:46 [32mINFO [0;39m restartedMain] [org.springframework.boot.web.servlet.context.ServletWebServerApplicationContext] [36mRoot WebApplicationContext: initialization completed in 123 ms[0;39m
[2023-12-18 17:06:46 [32mINFO [0;39m restartedMain] [org.springframework.boot.devtools.autoconfigure.OptionalLiveReloadServer] [36mLiveReload server is running on port 35729[0;39m
[2023-12-18 17:06:46 [32mINFO [0;39m restartedMain] [org.apache.coyote.http11.Http11NioProtocol] [36mStarting ProtocolHandler ["http-nio-8080"][0;39m
[2023-12-18 17:06:46 [32mINFO [0;39m restartedMain] [org.springframework.boot.web.embedded.tomcat.TomcatWebServer] [36mTomcat started on port(s): 8080 (http) with context path ''[0;39m
[2023-12-18 17:06:46 [32mINFO [0;39m restartedMain] [com.green.demo.DemoApplication] [36mStarted DemoApplication in 0.22 seconds (process running for 5598.545)[0;39m
[2023-12-18 17:06:46 [32mINFO [0;39m restartedMain] [org.springframework.boot.devtools.autoconfigure.ConditionEvaluationDeltaLoggingListener] [36mCondition evaluation unchanged[0;39m
[2023-12-18 17:07:08 [32mINFO [0;39m File Watcher] [org.springframework.boot.devtools.autoconfigure.LocalDevToolsAutoConfiguration$RestartingClassPathChangeChangedEventListener] [36mRestarting due to 1 class path change (0 additions, 0 deletions, 1 modification)[0;39m
[2023-12-18 17:07:08 [32mINFO [0;39m Thread-63] [org.apache.coyote.http11.Http11NioProtocol] [36mPausing ProtocolHandler ["http-nio-8080"][0;39m
[2023-12-18 17:07:08 [32mINFO [0;39m Thread-63] [org.apache.catalina.core.StandardService] [36mStopping service [Tomcat][0;39m
[2023-12-18 17:07:08 [32mINFO [0;39m Thread-63] [org.apache.coyote.http11.Http11NioProtocol] [36mStopping ProtocolHandler ["http-nio-8080"][0;39m
[2023-12-18 17:07:08 [32mINFO [0;39m Thread-63] [org.apache.coyote.http11.Http11NioProtocol] [36mDestroying ProtocolHandler ["http-nio-8080"][0;39m
[2023-12-18 17:07:08 [32mINFO [0;39m restartedMain] [com.green.demo.DemoApplication] [36mStarting DemoApplication using Java 17.0.8.1 with PID 3240 (D:\2023\java\demo\target\classes started by Administrator in D:\2023\java\demo)[0;39m
[2023-12-18 17:07:08 [32mINFO [0;39m restartedMain] [com.green.demo.DemoApplication] [36mNo active profile set, falling back to 1 default profile: "default"[0;39m
[2023-12-18 17:07:08 [32mINFO [0;39m restartedMain] [org.springframework.boot.web.embedded.tomcat.TomcatWebServer] [36mTomcat initialized with port(s): 8080 (http)[0;39m
[2023-12-18 17:07:08 [32mINFO [0;39m restartedMain] [org.apache.coyote.http11.Http11NioProtocol] [36mInitializing ProtocolHandler ["http-nio-8080"][0;39m
[2023-12-18 17:07:08 [32mINFO [0;39m restartedMain] [org.apache.catalina.core.StandardService] [36mStarting service [Tomcat][0;39m
[2023-12-18 17:07:08 [32mINFO [0;39m restartedMain] [org.apache.catalina.core.StandardEngine] [36mStarting Servlet engine: [Apache Tomcat/10.1.15][0;39m
[2023-12-18 17:07:08 [32mINFO [0;39m restartedMain] [org.apache.catalina.core.ContainerBase.[Tomcat].[localhost].[/]] [36mInitializing Spring embedded WebApplicationContext[0;39m
[2023-12-18 17:07:08 [32mINFO [0;39m restartedMain] [org.springframework.boot.web.servlet.context.ServletWebServerApplicationContext] [36mRoot WebApplicationContext: initialization completed in 124 ms[0;39m
[2023-12-18 17:07:08 [32mINFO [0;39m restartedMain] [org.springframework.boot.devtools.autoconfigure.OptionalLiveReloadServer] [36mLiveReload server is running on port 35729[0;39m
[2023-12-18 17:07:08 [32mINFO [0;39m restartedMain] [org.apache.coyote.http11.Http11NioProtocol] [36mStarting ProtocolHandler ["http-nio-8080"][0;39m
[2023-12-18 17:07:08 [32mINFO [0;39m restartedMain] [org.springframework.boot.web.embedded.tomcat.TomcatWebServer] [36mTomcat started on port(s): 8080 (http) with context path ''[0;39m
[2023-12-18 17:07:08 [32mINFO [0;39m restartedMain] [com.green.demo.DemoApplication] [36mStarted DemoApplication in 0.225 seconds (process running for 5620.606)[0;39m
[2023-12-18 17:07:08 [32mINFO [0;39m restartedMain] [org.springframework.boot.devtools.autoconfigure.ConditionEvaluationDeltaLoggingListener] [36mCondition evaluation unchanged[0;39m
[2023-12-18 17:07:50 [32mINFO [0;39m File Watcher] [org.springframework.boot.devtools.autoconfigure.LocalDevToolsAutoConfiguration$RestartingClassPathChangeChangedEventListener] [36mRestarting due to 1 class path change (0 additions, 0 deletions, 1 modification)[0;39m
[2023-12-18 17:07:50 [32mINFO [0;39m Thread-67] [org.apache.coyote.http11.Http11NioProtocol] [36mPausing ProtocolHandler ["http-nio-8080"][0;39m
[2023-12-18 17:07:50 [32mINFO [0;39m Thread-67] [org.apache.catalina.core.StandardService] [36mStopping service [Tomcat][0;39m
[2023-12-18 17:07:50 [32mINFO [0;39m Thread-67] [org.apache.coyote.http11.Http11NioProtocol] [36mStopping ProtocolHandler ["http-nio-8080"][0;39m
[2023-12-18 17:07:50 [32mINFO [0;39m Thread-67] [org.apache.coyote.http11.Http11NioProtocol] [36mDestroying ProtocolHandler ["http-nio-8080"][0;39m
[2023-12-18 17:07:50 [32mINFO [0;39m restartedMain] [com.green.demo.DemoApplication] [36mStarting DemoApplication using Java 17.0.8.1 with PID 3240 (D:\2023\java\demo\target\classes started by Administrator in D:\2023\java\demo)[0;39m
[2023-12-18 17:07:50 [32mINFO [0;39m restartedMain] [com.green.demo.DemoApplication] [36mNo active profile set, falling back to 1 default profile: "default"[0;39m
[2023-12-18 17:07:50 [32mINFO [0;39m restartedMain] [org.springframework.boot.web.embedded.tomcat.TomcatWebServer] [36mTomcat initialized with port(s): 8080 (http)[0;39m
[2023-12-18 17:07:50 [32mINFO [0;39m restartedMain] [org.apache.coyote.http11.Http11NioProtocol] [36mInitializing ProtocolHandler ["http-nio-8080"][0;39m
[2023-12-18 17:07:50 [32mINFO [0;39m restartedMain] [org.apache.catalina.core.StandardService] [36mStarting service [Tomcat][0;39m
[2023-12-18 17:07:50 [32mINFO [0;39m restartedMain] [org.apache.catalina.core.StandardEngine] [36mStarting Servlet engine: [Apache Tomcat/10.1.15][0;39m
[2023-12-18 17:07:50 [32mINFO [0;39m restartedMain] [org.apache.catalina.core.ContainerBase.[Tomcat].[localhost].[/]] [36mInitializing Spring embedded WebApplicationContext[0;39m
[2023-12-18 17:07:50 [32mINFO [0;39m restartedMain] [org.springframework.boot.web.servlet.context.ServletWebServerApplicationContext] [36mRoot WebApplicationContext: initialization completed in 133 ms[0;39m
[2023-12-18 17:07:50 [32mINFO [0;39m restartedMain] [org.springframework.boot.devtools.autoconfigure.OptionalLiveReloadServer] [36mLiveReload server is running on port 35729[0;39m
[2023-12-18 17:07:50 [32mINFO [0;39m restartedMain] [org.apache.coyote.http11.Http11NioProtocol] [36mStarting ProtocolHandler ["http-nio-8080"][0;39m
[2023-12-18 17:07:50 [32mINFO [0;39m restartedMain] [org.springframework.boot.web.embedded.tomcat.TomcatWebServer] [36mTomcat started on port(s): 8080 (http) with context path ''[0;39m
[2023-12-18 17:07:50 [32mINFO [0;39m restartedMain] [com.green.demo.DemoApplication] [36mStarted DemoApplication in 0.247 seconds (process running for 5661.986)[0;39m
[2023-12-18 17:07:50 [32mINFO [0;39m restartedMain] [org.springframework.boot.devtools.autoconfigure.ConditionEvaluationDeltaLoggingListener] [36mCondition evaluation unchanged[0;39m
[2023-12-18 17:32:30 [32mINFO [0;39m File Watcher] [org.springframework.boot.devtools.autoconfigure.LocalDevToolsAutoConfiguration$RestartingClassPathChangeChangedEventListener] [36mRestarting due to 1 class path change (0 additions, 0 deletions, 1 modification)[0;39m
[2023-12-18 17:32:30 [32mINFO [0;39m Thread-71] [org.apache.coyote.http11.Http11NioProtocol] [36mPausing ProtocolHandler ["http-nio-8080"][0;39m
[2023-12-18 17:32:30 [32mINFO [0;39m Thread-71] [org.apache.catalina.core.StandardService] [36mStopping service [Tomcat][0;39m
[2023-12-18 17:32:30 [32mINFO [0;39m Thread-71] [org.apache.coyote.http11.Http11NioProtocol] [36mStopping ProtocolHandler ["http-nio-8080"][0;39m
[2023-12-18 17:32:30 [32mINFO [0;39m Thread-71] [org.apache.coyote.http11.Http11NioProtocol] [36mDestroying ProtocolHandler ["http-nio-8080"][0;39m
[2023-12-18 17:32:30 [32mINFO [0;39m restartedMain] [com.green.demo.DemoApplication] [36mStarting DemoApplication using Java 17.0.8.1 with PID 3240 (D:\2023\java\demo\target\classes started by Administrator in D:\2023\java\demo)[0;39m
[2023-12-18 17:32:30 [32mINFO [0;39m restartedMain] [com.green.demo.DemoApplication] [36mNo active profile set, falling back to 1 default profile: "default"[0;39m
[2023-12-18 17:32:30 [32mINFO [0;39m restartedMain] [org.springframework.boot.web.embedded.tomcat.TomcatWebServer] [36mTomcat initialized with port(s): 8080 (http)[0;39m
[2023-12-18 17:32:30 [32mINFO [0;39m restartedMain] [org.apache.coyote.http11.Http11NioProtocol] [36mInitializing ProtocolHandler ["http-nio-8080"][0;39m
[2023-12-18 17:32:30 [32mINFO [0;39m restartedMain] [org.apache.catalina.core.StandardService] [36mStarting service [Tomcat][0;39m
[2023-12-18 17:32:30 [32mINFO [0;39m restartedMain] [org.apache.catalina.core.StandardEngine] [36mStarting Servlet engine: [Apache Tomcat/10.1.15][0;39m
[2023-12-18 17:32:30 [32mINFO [0;39m restartedMain] [org.apache.catalina.core.ContainerBase.[Tomcat].[localhost].[/]] [36mInitializing Spring embedded WebApplicationContext[0;39m
[2023-12-18 17:32:30 [32mINFO [0;39m restartedMain] [org.springframework.boot.web.servlet.context.ServletWebServerApplicationContext] [36mRoot WebApplicationContext: initialization completed in 140 ms[0;39m
[2023-12-18 17:32:30 [32mINFO [0;39m restartedMain] [org.springframework.boot.devtools.autoconfigure.OptionalLiveReloadServer] [36mLiveReload server is running on port 35729[0;39m
[2023-12-18 17:32:30 [32mINFO [0;39m restartedMain] [org.apache.coyote.http11.Http11NioProtocol] [36mStarting ProtocolHandler ["http-nio-8080"][0;39m
[2023-12-18 17:32:30 [32mINFO [0;39m restartedMain] [org.springframework.boot.web.embedded.tomcat.TomcatWebServer] [36mTomcat started on port(s): 8080 (http) with context path ''[0;39m
[2023-12-18 17:32:30 [32mINFO [0;39m restartedMain] [com.green.demo.DemoApplication] [36mStarted DemoApplication in 0.257 seconds (process running for 7142.321)[0;39m
[2023-12-18 17:32:30 [32mINFO [0;39m restartedMain] [org.springframework.boot.devtools.autoconfigure.ConditionEvaluationDeltaLoggingListener] [36mCondition evaluation unchanged[0;39m
[2023-12-18 17:33:38 [32mINFO [0;39m restartedMain] [com.green.demo.DemoApplication] [36mStarting DemoApplication using Java 17.0.8.1 with PID 11300 (D:\2023\java\demo\target\classes started by Administrator in D:\2023\java\demo)[0;39m
[2023-12-18 17:33:38 [32mINFO [0;39m restartedMain] [com.green.demo.DemoApplication] [36mNo active profile set, falling back to 1 default profile: "default"[0;39m
[2023-12-18 17:33:38 [32mINFO [0;39m restartedMain] [org.springframework.boot.devtools.env.DevToolsPropertyDefaultsPostProcessor] [36mDevtools property defaults active! Set 'spring.devtools.add-properties' to 'false' to disable[0;39m
[2023-12-18 17:33:38 [32mINFO [0;39m restartedMain] [org.springframework.boot.devtools.env.DevToolsPropertyDefaultsPostProcessor] [36mFor additional web related logging consider setting the 'logging.level.web' property to 'DEBUG'[0;39m
[2023-12-18 17:33:39 [32mINFO [0;39m restartedMain] [org.springframework.boot.web.embedded.tomcat.TomcatWebServer] [36mTomcat initialized with port(s): 8080 (http)[0;39m
[2023-12-18 17:33:39 [32mINFO [0;39m restartedMain] [org.apache.coyote.http11.Http11NioProtocol] [36mInitializing ProtocolHandler ["http-nio-8080"][0;39m
[2023-12-18 17:33:39 [32mINFO [0;39m restartedMain] [org.apache.catalina.core.StandardService] [36mStarting service [Tomcat][0;39m
[2023-12-18 17:33:39 [32mINFO [0;39m restartedMain] [org.apache.catalina.core.StandardEngine] [36mStarting Servlet engine: [Apache Tomcat/10.1.15][0;39m
[2023-12-18 17:33:39 [32mINFO [0;39m restartedMain] [org.apache.catalina.core.ContainerBase.[Tomcat].[localhost].[/]] [36mInitializing Spring embedded WebApplicationContext[0;39m
[2023-12-18 17:33:39 [32mINFO [0;39m restartedMain] [org.springframework.boot.web.servlet.context.ServletWebServerApplicationContext] [36mRoot WebApplicationContext: initialization completed in 681 ms[0;39m
[2023-12-18 17:33:40 [32mINFO [0;39m restartedMain] [org.springframework.boot.devtools.autoconfigure.OptionalLiveReloadServer] [36mLiveReload server is running on port 35729[0;39m
[2023-12-18 17:33:40 [32mINFO [0;39m restartedMain] [org.apache.coyote.http11.Http11NioProtocol] [36mStarting ProtocolHandler ["http-nio-8080"][0;39m
[2023-12-18 17:33:40 [32mINFO [0;39m restartedMain] [org.springframework.boot.web.embedded.tomcat.TomcatWebServer] [36mTomcat started on port(s): 8080 (http) with context path ''[0;39m
[2023-12-18 17:33:40 [32mINFO [0;39m restartedMain] [com.green.demo.DemoApplication] [36mStarted DemoApplication in 1.457 seconds (process running for 1.847)[0;39m
